Grafo é conexo: True
Pontos de articulação iniciais: [9288, 9128, 8944, 4784, 4433, 8569, 9170, 5870, 8110, 4200, 3337, 443, 9842, 9486, 7185, 6213, 7210, 1297, 3642, 9412, 5894, 5482, 577, 3296, 8677, 4320, 6402, 6993, 7636, 9972, 4145, 1142, 9069, 3517, 4165, 1831, 3441, 6517, 3433, 2400, 67, 7767, 8939, 6753, 7427, 7468, 7761, 2846, 3787, 6438, 3712, 4276, 818, 6125, 5544, 4021, 6456, 9588, 6864, 4382, 900, 28, 1121, 7859, 3244, 2098, 2474, 7918, 6979, 4439, 415, 37, 2354, 302, 9374, 6042, 1905, 2358, 6469, 932, 6885, 9055, 8008, 7968, 6640, 2810, 1759, 2951, 9501, 807, 3529, 5249, 6660, 9954, 3434, 6468, 3837, 62, 7605, 6230, 4056, 1673, 7411, 1272, 9420, 6694, 7361, 1250, 3131, 6388, 2457, 3172, 3056, 5849, 5182, 6243, 9254, 4396, 1037, 6070, 6318, 3360, 120, 7867, 2908, 8064, 1376, 6598, 4052, 4788, 7748, 9715, 5892, 9025, 3301, 6865, 5779, 6027, 9850, 1592, 3085, 5338, 8186, 9046, 1420, 1085, 6168, 123, 7742, 4423, 1494, 8624, 2010, 3738, 9445, 8046, 778, 7799, 6122, 8108, 2854, 7491, 5225, 8011, 9196, 1879, 1285, 430, 1925, 6269, 401, 5776, 5599, 7670, 7783, 7013, 1792, 2904, 6232, 2995, 697, 635, 619, 4743, 2988, 8304, 3926, 502, 4926, 1839, 9397, 3576, 1469, 734, 8618, 8585, 6379, 3983, 9888, 3005, 8971, 491, 6371, 2795, 7217, 2965, 7798, 3627, 251, 4716, 2926, 3674, 9202, 507, 1491, 2677, 835, 1513, 7293, 2650, 7157, 3126, 2547, 6980, 4658, 4182, 169, 9268, 7843, 7745, 3032, 3262, 1752, 8871, 2112, 9068, 4770, 474, 6414, 2529, 937, 3450, 9951, 6081, 8947, 652, 6055, 9310, 7803, 6580, 9060, 7015, 1931, 5662, 4455, 2749, 8484, 2309, 4312, 8972, 7205, 4435, 4110, 2725, 4378, 3403, 3049, 913, 3520, 9512, 6166, 5123, 4368, 9811, 1695, 9572, 5436, 6832, 7562, 194, 4889, 45, 1667, 1119, 2977, 8167, 7532, 5792, 5518, 9044, 5389, 2594, 8411, 2721, 4541, 2157, 4967, 2595, 2458, 5346, 8384, 4810, 1871, 6165, 3952, 9576, 7117, 391, 1311, 6201, 1152, 6487, 1025, 2964, 7530, 8698, 4811, 9828, 9266, 1263, 8204, 3880, 4053, 9216, 7668, 886, 3356, 3568, 3068, 1116, 7287, 4584, 966, 1071, 2767, 3024, 4864, 2446, 5590, 76, 816, 1708, 8805, 9992, 154, 2359, 3819, 7661, 8719, 9279, 9504, 2630, 7900, 5833, 7030, 863, 456, 5607, 1418, 2615, 6306, 2577, 9092, 859, 2107, 6620, 2023, 5129, 9999, 6831, 663, 9599, 1677, 1808, 4665, 3720, 5689, 6146, 5233, 6326, 9343, 2932, 1160, 5985, 6107, 9168, 6816, 7330, 1830, 2711, 2694, 6067, 5502, 5468, 3491, 1208, 1733, 4383, 7990, 1956, 2394, 8344, 6998, 3714, 7325, 8085, 2324, 2511, 8133, 7275, 485, 6653, 3387, 7757, 6244, 5905, 1445, 2629, 1200, 5866, 4703, 9218, 6385, 9396, 8127, 508, 3678, 7247, 9793, 6856, 8237, 9636, 3504, 2599, 8201, 6321, 896, 8435, 3091, 3300, 5327, 4238, 5081, 2063, 6080, 2237, 4820, 4287, 9847, 5401, 232, 352, 9490, 4073, 5869, 9574, 1394, 6431, 4580, 2706, 6925, 9152, 755, 7725, 3964, 6497, 6900, 6965, 7299, 3189, 8449, 3872, 1279, 574, 496, 1849, 9760, 111, 2658, 2621, 7412, 8321, 3933, 9243, 9849, 588, 4520, 9048, 150, 6264, 7390, 6064, 8772, 5993, 1395, 7507, 7944, 7413, 8946, 1947, 9529, 7947, 2044, 6349, 2238, 2206, 6909, 3282, 9997, 7152, 1002, 2092, 3240, 8713, 305, 247, 7240, 1069, 3486, 2782, 9776, 4808, 4869, 1580, 9043, 6887, 7613, 4008, 8059, 1169, 5527, 4473, 3981, 5369, 4191, 643, 6841, 599, 2320, 2228, 5846, 7629, 6744, 1946, 6219, 798, 999, 2161, 986, 9263, 4141, 8903, 4246, 4390, 8094, 8494, 1294, 9659, 3562, 3023, 4533, 6984, 6538, 5121, 7496, 540, 1551, 6957, 3650, 1898, 2259, 8710, 7103, 2476, 9840, 5651, 2792, 4103, 9067, 5299, 4714, 213, 6019, 5743, 4726, 684, 1054, 6804, 9469, 4713, 3028, 1439, 9953, 7415, 5692, 7812, 2957, 3274, 7646, 7178, 8168, 773, 4945, 9753, 5378, 1215, 939, 7493, 8320, 8550, 7735, 399, 3968, 6594, 3376, 2412, 1275, 2232, 3388, 8917, 5400, 9613, 6722, 7751, 5632, 760, 9978, 1087, 9545, 9723, 8684, 5646, 4416, 199, 8152, 6695, 1020, 2337, 4587, 1492, 3972, 7828, 4528, 5017, 1818, 9053, 3894, 2373, 8319, 6876, 766, 1998, 6721, 6272, 6375, 3137, 1009, 636, 5512, 6872, 6676, 2415, 3319, 1369, 2302, 4997, 1366, 2698, 5547, 8815, 1666, 3902, 5321, 9656, 5176, 9585, 5265, 9061, 8821, 8670, 1887, 864, 639, 3177, 5967, 8873, 9527, 3892, 68, 9662, 2100, 4464, 1814, 5739, 8263, 4038, 7170, 5946, 3260, 7255, 8028, 7831, 1316, 2031, 6875, 5879, 7160, 6700, 1343, 7145, 9186, 1016, 1872, 7323, 7298, 1370, 5264, 2377, 1802, 4691, 1935, 6785, 9862, 4046, 3286, 358, 7142, 1282, 1567, 6066, 8239, 3332, 4066, 5051, 1423, 2288, 946, 1949, 3856, 9666, 460, 2802, 5633, 6643, 904, 6454, 8907, 6759, 7101, 3639, 2552, 8268, 3820, 2375, 6748, 7597, 9338, 3443, 1502, 272, 6128, 3995, 6719, 1966, 1320, 5836, 2368, 4075, 2463, 8634, 9136, 3217, 9437, 5365, 1314, 763, 735, 1173, 5016, 9757, 1381, 7993, 5563, 9153, 8734, 7354, 2477, 8332, 9960, 4005, 4896, 1937, 153, 6896, 5351, 318, 3418, 7404, 4664, 887, 9446, 5041, 2518, 6365, 9569, 1084, 8483, 2906, 4931, 2816, 8038, 5262, 8241, 5950, 6396, 2217, 4510, 6687, 9290, 2813, 9961, 6301, 4627, 5050, 4058, 4446, 7290, 2752, 2088, 6029, 2214, 4939, 9036, 7996, 4262, 3870, 2285, 4499, 4881, 1276, 4233, 1425, 1249, 5404, 2058, 3078, 461, 5974, 1147, 270, 9252, 9027, 4077, 5804, 906, 5114, 2971, 5995, 2773, 7762, 2404, 6586, 8832, 6425, 7471, 5592, 8429, 5649, 371, 4701, 5711, 8200, 6790, 7097, 1105, 2805, 5199, 4544, 3366, 2613, 1906, 4468, 1645, 738, 9852, 246, 5902, 3082, 953, 8467, 130, 7919, 3919, 88, 7338, 1398, 6523, 6016, 6251, 4101, 8633, 5442, 3727, 3316, 9155, 6828, 9605, 8927, 5462, 1463, 595, 514, 1704, 7106, 8250, 5377, 7737, 4567, 2653, 4759, 1589, 3048, 8364, 9341, 5810, 7237, 9669, 6521, 9983, 6604, 3791, 2136, 9352, 9644, 2848, 9520, 894, 9551, 7674, 2143, 8795, 5620, 8195, 5022, 5257, 9702, 6936, 8424, 9427, 8797, 179, 6536, 143, 8868, 1952, 6593, 2486, 3279, 1688, 4360, 42, 183, 5423, 5852, 5214, 4581, 9200, 3789, 8256, 344, 2984, 2313, 9600, 7048, 503, 7242, 6518, 3869, 7912, 2651, 4633, 3515, 8139, 9642, 1086, 1857, 605, 4184, 1889, 9872, 3938, 3428, 9955, 7213, 3495, 4440, 6262, 6873, 1750, 308]

Removendo ponto de articulacao 9288:
Grafo ainda e conexo: False
Removendo ponto de articulacao 9128:
Grafo ainda e conexo: False
Removendo ponto de articulacao 8944:
Grafo ainda e conexo: False
Removendo ponto de articulacao 4784:
Grafo ainda e conexo: False
Removendo ponto de articulacao 4433:
Grafo ainda e conexo: False
Removendo ponto de articulacao 8569:
Grafo ainda e conexo: False
Removendo ponto de articulacao 9170:
Grafo ainda e conexo: False
Removendo ponto de articulacao 5870:
Grafo ainda e conexo: False
Removendo ponto de articulacao 8110:
Grafo ainda e conexo: False
Removendo ponto de articulacao 4200:
Grafo ainda e conexo: False
Removendo ponto de articulacao 3337:
Grafo ainda e conexo: False
Removendo ponto de articulacao 443:
Grafo ainda e conexo: False
Removendo ponto de articulacao 9842:
Grafo ainda e conexo: False
Removendo ponto de articulacao 9486:
Grafo ainda e conexo: False
Removendo ponto de articulacao 7185:
Grafo ainda e conexo: False
Removendo ponto de articulacao 6213:
Grafo ainda e conexo: False
Removendo ponto de articulacao 7210:
Grafo ainda e conexo: False
Removendo ponto de articulacao 1297:
Grafo ainda e conexo: False
Removendo ponto de articulacao 3642:
Grafo ainda e conexo: False
Removendo ponto de articulacao 9412:
Grafo ainda e conexo: False
Removendo ponto de articulacao 5894:
Grafo ainda e conexo: False
Removendo ponto de articulacao 5482:
Grafo ainda e conexo: False
Removendo ponto de articulacao 577:
Grafo ainda e conexo: False
Removendo ponto de articulacao 3296:
Grafo ainda e conexo: False
Removendo ponto de articulacao 8677:
Grafo ainda e conexo: False
Removendo ponto de articulacao 4320:
Grafo ainda e conexo: False
Removendo ponto de articulacao 6402:
Grafo ainda e conexo: False
Removendo ponto de articulacao 6993:
Grafo ainda e conexo: False
Removendo ponto de articulacao 7636:
Grafo ainda e conexo: False
Removendo ponto de articulacao 9972:
Grafo ainda e conexo: False
Removendo ponto de articulacao 4145:
Grafo ainda e conexo: False
Removendo ponto de articulacao 1142:
Grafo ainda e conexo: False
Removendo ponto de articulacao 9069:
Grafo ainda e conexo: False
Removendo ponto de articulacao 3517:
Grafo ainda e conexo: False
Removendo ponto de articulacao 4165:
Grafo ainda e conexo: False
Removendo ponto de articulacao 1831:
Grafo ainda e conexo: False
Removendo ponto de articulacao 3441:
Grafo ainda e conexo: False
Removendo ponto de articulacao 6517:
Grafo ainda e conexo: False
Removendo ponto de articulacao 3433:
Grafo ainda e conexo: False
Removendo ponto de articulacao 2400:
Grafo ainda e conexo: False
Removendo ponto de articulacao 67:
Grafo ainda e conexo: False
Removendo ponto de articulacao 7767:
Grafo ainda e conexo: False
Removendo ponto de articulacao 8939:
Grafo ainda e conexo: False
Removendo ponto de articulacao 6753:
Grafo ainda e conexo: False
Removendo ponto de articulacao 7427:
Grafo ainda e conexo: False
Removendo ponto de articulacao 7468:
Grafo ainda e conexo: False
Removendo ponto de articulacao 7761:
Grafo ainda e conexo: False
Removendo ponto de articulacao 2846:
Grafo ainda e conexo: False
Removendo ponto de articulacao 3787:
Grafo ainda e conexo: False
Removendo ponto de articulacao 6438:
Grafo ainda e conexo: False
Removendo ponto de articulacao 3712:
Grafo ainda e conexo: False
Removendo ponto de articulacao 4276:
Grafo ainda e conexo: False
Removendo ponto de articulacao 818:
Grafo ainda e conexo: False
Removendo ponto de articulacao 6125:
Grafo ainda e conexo: False
Removendo ponto de articulacao 5544:
Grafo ainda e conexo: False
Removendo ponto de articulacao 4021:
Grafo ainda e conexo: False
Removendo ponto de articulacao 6456:
Grafo ainda e conexo: False
Removendo ponto de articulacao 9588:
Grafo ainda e conexo: False
Removendo ponto de articulacao 6864:
Grafo ainda e conexo: False
Removendo ponto de articulacao 4382:
Grafo ainda e conexo: False
Removendo ponto de articulacao 900:
Grafo ainda e conexo: False
Removendo ponto de articulacao 28:
Grafo ainda e conexo: False
Removendo ponto de articulacao 1121:
Grafo ainda e conexo: False
Removendo ponto de articulacao 7859:
Grafo ainda e conexo: False
Removendo ponto de articulacao 3244:
Grafo ainda e conexo: False
Removendo ponto de articulacao 2098:
Grafo ainda e conexo: False
Removendo ponto de articulacao 2474:
Grafo ainda e conexo: False
Removendo ponto de articulacao 7918:
Grafo ainda e conexo: False
Removendo ponto de articulacao 6979:
Grafo ainda e conexo: False
Removendo ponto de articulacao 4439:
Grafo ainda e conexo: False
Removendo ponto de articulacao 415:
Grafo ainda e conexo: False
Removendo ponto de articulacao 37:
Grafo ainda e conexo: False
Removendo ponto de articulacao 2354:
Grafo ainda e conexo: False
Removendo ponto de articulacao 302:
Grafo ainda e conexo: False
Removendo ponto de articulacao 9374:
Grafo ainda e conexo: False
Removendo ponto de articulacao 6042:
Grafo ainda e conexo: False
Removendo ponto de articulacao 1905:
Grafo ainda e conexo: False
Removendo ponto de articulacao 2358:
Grafo ainda e conexo: False
Removendo ponto de articulacao 6469:
Grafo ainda e conexo: False
Removendo ponto de articulacao 932:
Grafo ainda e conexo: False
Removendo ponto de articulacao 6885:
Grafo ainda e conexo: False
Removendo ponto de articulacao 9055:
Grafo ainda e conexo: False
Removendo ponto de articulacao 8008:
Grafo ainda e conexo: False
Removendo ponto de articulacao 7968:
Grafo ainda e conexo: False
Removendo ponto de articulacao 6640:
Grafo ainda e conexo: False
Removendo ponto de articulacao 2810:
Grafo ainda e conexo: False
Removendo ponto de articulacao 1759:
Grafo ainda e conexo: False
Removendo ponto de articulacao 2951:
Grafo ainda e conexo: False
Removendo ponto de articulacao 9501:
Grafo ainda e conexo: False
Removendo ponto de articulacao 807:
Grafo ainda e conexo: False
Removendo ponto de articulacao 3529:
Grafo ainda e conexo: False
Removendo ponto de articulacao 5249:
Grafo ainda e conexo: False
Removendo ponto de articulacao 6660:
Grafo ainda e conexo: False
Removendo ponto de articulacao 9954:
Grafo ainda e conexo: False
Removendo ponto de articulacao 3434:
Grafo ainda e conexo: False
Removendo ponto de articulacao 6468:
Grafo ainda e conexo: False
Removendo ponto de articulacao 3837:
Grafo ainda e conexo: False
Removendo ponto de articulacao 62:
Grafo ainda e conexo: False
Removendo ponto de articulacao 7605:
Grafo ainda e conexo: False
Removendo ponto de articulacao 6230:
Grafo ainda e conexo: False
Removendo ponto de articulacao 4056:
Grafo ainda e conexo: False
Removendo ponto de articulacao 1673:
Grafo ainda e conexo: False
Removendo ponto de articulacao 7411:
Grafo ainda e conexo: False
Removendo ponto de articulacao 1272:
Grafo ainda e conexo: False
Removendo ponto de articulacao 9420:
Grafo ainda e conexo: False
Removendo ponto de articulacao 6694:
Grafo ainda e conexo: False
Removendo ponto de articulacao 7361:
Grafo ainda e conexo: False
Removendo ponto de articulacao 1250:
Grafo ainda e conexo: False
Removendo ponto de articulacao 3131:
Grafo ainda e conexo: False
Removendo ponto de articulacao 6388:
Grafo ainda e conexo: False
Removendo ponto de articulacao 2457:
Grafo ainda e conexo: False
Removendo ponto de articulacao 3172:
Grafo ainda e conexo: False
Removendo ponto de articulacao 3056:
Grafo ainda e conexo: False
Removendo ponto de articulacao 5849:
Grafo ainda e conexo: False
Removendo ponto de articulacao 5182:
Grafo ainda e conexo: False
Removendo ponto de articulacao 6243:
Grafo ainda e conexo: False
Removendo ponto de articulacao 9254:
Grafo ainda e conexo: False
Removendo ponto de articulacao 4396:
Grafo ainda e conexo: False
Removendo ponto de articulacao 1037:
Grafo ainda e conexo: False
Removendo ponto de articulacao 6070:
Grafo ainda e conexo: False
Removendo ponto de articulacao 6318:
Grafo ainda e conexo: False
Removendo ponto de articulacao 3360:
Grafo ainda e conexo: False
Removendo ponto de articulacao 120:
Grafo ainda e conexo: False
Removendo ponto de articulacao 7867:
Grafo ainda e conexo: False
Removendo ponto de articulacao 2908:
Grafo ainda e conexo: False
Removendo ponto de articulacao 8064:
Grafo ainda e conexo: False
Removendo ponto de articulacao 1376:
Grafo ainda e conexo: False
Removendo ponto de articulacao 6598:
Grafo ainda e conexo: False
Removendo ponto de articulacao 4052:
Grafo ainda e conexo: False
Removendo ponto de articulacao 4788:
Grafo ainda e conexo: False
Removendo ponto de articulacao 7748:
Grafo ainda e conexo: False
Removendo ponto de articulacao 9715:
Grafo ainda e conexo: False
Removendo ponto de articulacao 5892:
Grafo ainda e conexo: False
Removendo ponto de articulacao 9025:
Grafo ainda e conexo: False
Removendo ponto de articulacao 3301:
Grafo ainda e conexo: False
Removendo ponto de articulacao 6865:
Grafo ainda e conexo: False
Removendo ponto de articulacao 5779:
Grafo ainda e conexo: False
Removendo ponto de articulacao 6027:
Grafo ainda e conexo: False
Removendo ponto de articulacao 9850:
Grafo ainda e conexo: False
Removendo ponto de articulacao 1592:
Grafo ainda e conexo: False
Removendo ponto de articulacao 3085:
Grafo ainda e conexo: False
Removendo ponto de articulacao 5338:
Grafo ainda e conexo: False
Removendo ponto de articulacao 8186:
Grafo ainda e conexo: False
Removendo ponto de articulacao 9046:
Grafo ainda e conexo: False
Removendo ponto de articulacao 1420:
Grafo ainda e conexo: False
Removendo ponto de articulacao 1085:
Grafo ainda e conexo: False
Removendo ponto de articulacao 6168:
Grafo ainda e conexo: False
Removendo ponto de articulacao 123:
Grafo ainda e conexo: False
Removendo ponto de articulacao 7742:
Grafo ainda e conexo: False
Removendo ponto de articulacao 4423:
Grafo ainda e conexo: False
Removendo ponto de articulacao 1494:
Grafo ainda e conexo: False
Removendo ponto de articulacao 8624:
Grafo ainda e conexo: False
Removendo ponto de articulacao 2010:
Grafo ainda e conexo: False
Removendo ponto de articulacao 3738:
Grafo ainda e conexo: False
Removendo ponto de articulacao 9445:
Grafo ainda e conexo: False
Removendo ponto de articulacao 8046:
Grafo ainda e conexo: False
Removendo ponto de articulacao 778:
Grafo ainda e conexo: False
Removendo ponto de articulacao 7799:
Grafo ainda e conexo: False
Removendo ponto de articulacao 6122:
Grafo ainda e conexo: False
Removendo ponto de articulacao 8108:
Grafo ainda e conexo: False
Removendo ponto de articulacao 2854:
Grafo ainda e conexo: False
Removendo ponto de articulacao 7491:
Grafo ainda e conexo: False
Removendo ponto de articulacao 5225:
Grafo ainda e conexo: False
Removendo ponto de articulacao 8011:
Grafo ainda e conexo: False
Removendo ponto de articulacao 9196:
Grafo ainda e conexo: False
Removendo ponto de articulacao 1879:
Grafo ainda e conexo: False
Removendo ponto de articulacao 1285:
Grafo ainda e conexo: False
Removendo ponto de articulacao 430:
Grafo ainda e conexo: False
Removendo ponto de articulacao 1925:
Grafo ainda e conexo: False
Removendo ponto de articulacao 6269:
Grafo ainda e conexo: False
Removendo ponto de articulacao 401:
Grafo ainda e conexo: False
Removendo ponto de articulacao 5776:
Grafo ainda e conexo: False
Removendo ponto de articulacao 5599:
Grafo ainda e conexo: False
Removendo ponto de articulacao 7670:
Grafo ainda e conexo: False
Removendo ponto de articulacao 7783:
Grafo ainda e conexo: False
Removendo ponto de articulacao 7013:
Grafo ainda e conexo: False
Removendo ponto de articulacao 1792:
Grafo ainda e conexo: False
Removendo ponto de articulacao 2904:
Grafo ainda e conexo: False
Removendo ponto de articulacao 6232:
Grafo ainda e conexo: False
Removendo ponto de articulacao 2995:
Grafo ainda e conexo: False
Removendo ponto de articulacao 697:
Grafo ainda e conexo: False
Removendo ponto de articulacao 635:
Grafo ainda e conexo: False
Removendo ponto de articulacao 619:
Grafo ainda e conexo: False
Removendo ponto de articulacao 4743:
Grafo ainda e conexo: False
Removendo ponto de articulacao 2988:
Grafo ainda e conexo: False
Removendo ponto de articulacao 8304:
Grafo ainda e conexo: False
Removendo ponto de articulacao 3926:
Grafo ainda e conexo: False
Removendo ponto de articulacao 502:
Grafo ainda e conexo: False
Removendo ponto de articulacao 4926:
Grafo ainda e conexo: False
Removendo ponto de articulacao 1839:
Grafo ainda e conexo: False
Removendo ponto de articulacao 9397:
Grafo ainda e conexo: False
Removendo ponto de articulacao 3576:
Grafo ainda e conexo: False
Removendo ponto de articulacao 1469:
Grafo ainda e conexo: False
Removendo ponto de articulacao 734:
Grafo ainda e conexo: False
Removendo ponto de articulacao 8618:
Grafo ainda e conexo: False
Removendo ponto de articulacao 8585:
Grafo ainda e conexo: False
Removendo ponto de articulacao 6379:
Grafo ainda e conexo: False
Removendo ponto de articulacao 3983:
Grafo ainda e conexo: False
Removendo ponto de articulacao 9888:
Grafo ainda e conexo: False
Removendo ponto de articulacao 3005:
Grafo ainda e conexo: False
Removendo ponto de articulacao 8971:
Grafo ainda e conexo: False
Removendo ponto de articulacao 491:
Grafo ainda e conexo: False
Removendo ponto de articulacao 6371:
Grafo ainda e conexo: False
Removendo ponto de articulacao 2795:
Grafo ainda e conexo: False
Removendo ponto de articulacao 7217:
Grafo ainda e conexo: False
Removendo ponto de articulacao 2965:
Grafo ainda e conexo: False
Removendo ponto de articulacao 7798:
Grafo ainda e conexo: False
Removendo ponto de articulacao 3627:
Grafo ainda e conexo: False
Removendo ponto de articulacao 251:
Grafo ainda e conexo: False
Removendo ponto de articulacao 4716:
Grafo ainda e conexo: False
Removendo ponto de articulacao 2926:
Grafo ainda e conexo: False
Removendo ponto de articulacao 3674:
Grafo ainda e conexo: False
Removendo ponto de articulacao 9202:
Grafo ainda e conexo: False
Removendo ponto de articulacao 507:
Grafo ainda e conexo: False
Removendo ponto de articulacao 1491:
Grafo ainda e conexo: False
Removendo ponto de articulacao 2677:
Grafo ainda e conexo: False
Removendo ponto de articulacao 835:
Grafo ainda e conexo: False
Removendo ponto de articulacao 1513:
Grafo ainda e conexo: False
Removendo ponto de articulacao 7293:
Grafo ainda e conexo: False
Removendo ponto de articulacao 2650:
Grafo ainda e conexo: False
Removendo ponto de articulacao 7157:
Grafo ainda e conexo: False
Removendo ponto de articulacao 3126:
Grafo ainda e conexo: False
Removendo ponto de articulacao 2547:
Grafo ainda e conexo: False
Removendo ponto de articulacao 6980:
Grafo ainda e conexo: False
Removendo ponto de articulacao 4658:
Grafo ainda e conexo: False
Removendo ponto de articulacao 4182:
Grafo ainda e conexo: False
Removendo ponto de articulacao 169:
Grafo ainda e conexo: False
Removendo ponto de articulacao 9268:
Grafo ainda e conexo: False
Removendo ponto de articulacao 7843:
Grafo ainda e conexo: False
Removendo ponto de articulacao 7745:
Grafo ainda e conexo: False
Removendo ponto de articulacao 3032:
Grafo ainda e conexo: False
Removendo ponto de articulacao 3262:
Grafo ainda e conexo: False
Removendo ponto de articulacao 1752:
Grafo ainda e conexo: False
Removendo ponto de articulacao 8871:
Grafo ainda e conexo: False
Removendo ponto de articulacao 2112:
Grafo ainda e conexo: False
Removendo ponto de articulacao 9068:
Grafo ainda e conexo: False
Removendo ponto de articulacao 4770:
Grafo ainda e conexo: False
Removendo ponto de articulacao 474:
Grafo ainda e conexo: False
Removendo ponto de articulacao 6414:
Grafo ainda e conexo: False
Removendo ponto de articulacao 2529:
Grafo ainda e conexo: False
Removendo ponto de articulacao 937:
Grafo ainda e conexo: False
Removendo ponto de articulacao 3450:
Grafo ainda e conexo: False
Removendo ponto de articulacao 9951:
Grafo ainda e conexo: False
Removendo ponto de articulacao 6081:
Grafo ainda e conexo: False
Removendo ponto de articulacao 8947:
Grafo ainda e conexo: False
Removendo ponto de articulacao 652:
Grafo ainda e conexo: False
Removendo ponto de articulacao 6055:
Grafo ainda e conexo: False
Removendo ponto de articulacao 9310:
Grafo ainda e conexo: False
Removendo ponto de articulacao 7803:
Grafo ainda e conexo: False
Removendo ponto de articulacao 6580:
Grafo ainda e conexo: False
Removendo ponto de articulacao 9060:
Grafo ainda e conexo: False
Removendo ponto de articulacao 7015:
Grafo ainda e conexo: False
Removendo ponto de articulacao 1931:
Grafo ainda e conexo: False
Removendo ponto de articulacao 5662:
Grafo ainda e conexo: False
Removendo ponto de articulacao 4455:
Grafo ainda e conexo: False
Removendo ponto de articulacao 2749:
Grafo ainda e conexo: False
Removendo ponto de articulacao 8484:
Grafo ainda e conexo: False
Removendo ponto de articulacao 2309:
Grafo ainda e conexo: False
Removendo ponto de articulacao 4312:
Grafo ainda e conexo: False
Removendo ponto de articulacao 8972:
Grafo ainda e conexo: False
Removendo ponto de articulacao 7205:
Grafo ainda e conexo: False
Removendo ponto de articulacao 4435:
Grafo ainda e conexo: False
Removendo ponto de articulacao 4110:
Grafo ainda e conexo: False
Removendo ponto de articulacao 2725:
Grafo ainda e conexo: False
Removendo ponto de articulacao 4378:
Grafo ainda e conexo: False
Removendo ponto de articulacao 3403:
Grafo ainda e conexo: False
Removendo ponto de articulacao 3049:
Grafo ainda e conexo: False
Removendo ponto de articulacao 913:
Grafo ainda e conexo: False
Removendo ponto de articulacao 3520:
Grafo ainda e conexo: False
Removendo ponto de articulacao 9512:
Grafo ainda e conexo: False
Removendo ponto de articulacao 6166:
Grafo ainda e conexo: False
Removendo ponto de articulacao 5123:
Grafo ainda e conexo: False
Removendo ponto de articulacao 4368:
Grafo ainda e conexo: False
Removendo ponto de articulacao 9811:
Grafo ainda e conexo: False
Removendo ponto de articulacao 1695:
Grafo ainda e conexo: False
Removendo ponto de articulacao 9572:
Grafo ainda e conexo: False
Removendo ponto de articulacao 5436:
Grafo ainda e conexo: False
Removendo ponto de articulacao 6832:
Grafo ainda e conexo: False
Removendo ponto de articulacao 7562:
Grafo ainda e conexo: False
Removendo ponto de articulacao 194:
Grafo ainda e conexo: False
Removendo ponto de articulacao 4889:
Grafo ainda e conexo: False
Removendo ponto de articulacao 45:
Grafo ainda e conexo: False
Removendo ponto de articulacao 1667:
Grafo ainda e conexo: False
Removendo ponto de articulacao 1119:
Grafo ainda e conexo: False
Removendo ponto de articulacao 2977:
Grafo ainda e conexo: False
Removendo ponto de articulacao 8167:
Grafo ainda e conexo: False
Removendo ponto de articulacao 7532:
Grafo ainda e conexo: False
Removendo ponto de articulacao 5792:
Grafo ainda e conexo: False
Removendo ponto de articulacao 5518:
Grafo ainda e conexo: False
Removendo ponto de articulacao 9044:
Grafo ainda e conexo: False
Removendo ponto de articulacao 5389:
Grafo ainda e conexo: False
Removendo ponto de articulacao 2594:
Grafo ainda e conexo: False
Removendo ponto de articulacao 8411:
Grafo ainda e conexo: False
Removendo ponto de articulacao 2721:
Grafo ainda e conexo: False
Removendo ponto de articulacao 4541:
Grafo ainda e conexo: False
Removendo ponto de articulacao 2157:
Grafo ainda e conexo: False
Removendo ponto de articulacao 4967:
Grafo ainda e conexo: False
Removendo ponto de articulacao 2595:
Grafo ainda e conexo: False
Removendo ponto de articulacao 2458:
Grafo ainda e conexo: False
Removendo ponto de articulacao 5346:
Grafo ainda e conexo: False
Removendo ponto de articulacao 8384:
Grafo ainda e conexo: False
Removendo ponto de articulacao 4810:
Grafo ainda e conexo: False
Removendo ponto de articulacao 1871:
Grafo ainda e conexo: False
Removendo ponto de articulacao 6165:
Grafo ainda e conexo: False
Removendo ponto de articulacao 3952:
Grafo ainda e conexo: False
Removendo ponto de articulacao 9576:
Grafo ainda e conexo: False
Removendo ponto de articulacao 7117:
Grafo ainda e conexo: False
Removendo ponto de articulacao 391:
Grafo ainda e conexo: False
Removendo ponto de articulacao 1311:
Grafo ainda e conexo: False
Removendo ponto de articulacao 6201:
Grafo ainda e conexo: False
Removendo ponto de articulacao 1152:
Grafo ainda e conexo: False
Removendo ponto de articulacao 6487:
Grafo ainda e conexo: False
Removendo ponto de articulacao 1025:
Grafo ainda e conexo: False
Removendo ponto de articulacao 2964:
Grafo ainda e conexo: False
Removendo ponto de articulacao 7530:
Grafo ainda e conexo: False
Removendo ponto de articulacao 8698:
Grafo ainda e conexo: False
Removendo ponto de articulacao 4811:
Grafo ainda e conexo: False
Removendo ponto de articulacao 9828:
Grafo ainda e conexo: False
Removendo ponto de articulacao 9266:
Grafo ainda e conexo: False
Removendo ponto de articulacao 1263:
Grafo ainda e conexo: False
Removendo ponto de articulacao 8204:
Grafo ainda e conexo: False
Removendo ponto de articulacao 3880:
Grafo ainda e conexo: False
Removendo ponto de articulacao 4053:
Grafo ainda e conexo: False
Removendo ponto de articulacao 9216:
Grafo ainda e conexo: False
Removendo ponto de articulacao 7668:
Grafo ainda e conexo: False
Removendo ponto de articulacao 886:
Grafo ainda e conexo: False
Removendo ponto de articulacao 3356:
Grafo ainda e conexo: False
Removendo ponto de articulacao 3568:
Grafo ainda e conexo: False
Removendo ponto de articulacao 3068:
Grafo ainda e conexo: False
Removendo ponto de articulacao 1116:
Grafo ainda e conexo: False
Removendo ponto de articulacao 7287:
Grafo ainda e conexo: False
Removendo ponto de articulacao 4584:
Grafo ainda e conexo: False
Removendo ponto de articulacao 966:
Grafo ainda e conexo: False
Removendo ponto de articulacao 1071:
Grafo ainda e conexo: False
Removendo ponto de articulacao 2767:
Grafo ainda e conexo: False
Removendo ponto de articulacao 3024:
Grafo ainda e conexo: False
Removendo ponto de articulacao 4864:
Grafo ainda e conexo: False
Removendo ponto de articulacao 2446:
Grafo ainda e conexo: False
Removendo ponto de articulacao 5590:
Grafo ainda e conexo: False
Removendo ponto de articulacao 76:
Grafo ainda e conexo: False
Removendo ponto de articulacao 816:
Grafo ainda e conexo: False
Removendo ponto de articulacao 1708:
Grafo ainda e conexo: False
Removendo ponto de articulacao 8805:
Grafo ainda e conexo: False
Removendo ponto de articulacao 9992:
Grafo ainda e conexo: False
Removendo ponto de articulacao 154:
Grafo ainda e conexo: False
Removendo ponto de articulacao 2359:
Grafo ainda e conexo: False
Removendo ponto de articulacao 3819:
Grafo ainda e conexo: False
Removendo ponto de articulacao 7661:
Grafo ainda e conexo: False
Removendo ponto de articulacao 8719:
Grafo ainda e conexo: False
Removendo ponto de articulacao 9279:
Grafo ainda e conexo: False
Removendo ponto de articulacao 9504:
Grafo ainda e conexo: False
Removendo ponto de articulacao 2630:
Grafo ainda e conexo: False
Removendo ponto de articulacao 7900:
Grafo ainda e conexo: False
Removendo ponto de articulacao 5833:
Grafo ainda e conexo: False
Removendo ponto de articulacao 7030:
Grafo ainda e conexo: False
Removendo ponto de articulacao 863:
Grafo ainda e conexo: False
Removendo ponto de articulacao 456:
Grafo ainda e conexo: False
Removendo ponto de articulacao 5607:
Grafo ainda e conexo: False
Removendo ponto de articulacao 1418:
Grafo ainda e conexo: False
Removendo ponto de articulacao 2615:
Grafo ainda e conexo: False
Removendo ponto de articulacao 6306:
Grafo ainda e conexo: False
Removendo ponto de articulacao 2577:
Grafo ainda e conexo: False
Removendo ponto de articulacao 9092:
Grafo ainda e conexo: False
Removendo ponto de articulacao 859:
Grafo ainda e conexo: False
Removendo ponto de articulacao 2107:
Grafo ainda e conexo: False
Removendo ponto de articulacao 6620:
Grafo ainda e conexo: False
Removendo ponto de articulacao 2023:
Grafo ainda e conexo: False
Removendo ponto de articulacao 5129:
Grafo ainda e conexo: False
Removendo ponto de articulacao 9999:
Grafo ainda e conexo: False
Removendo ponto de articulacao 6831:
Grafo ainda e conexo: False
Removendo ponto de articulacao 663:
Grafo ainda e conexo: False
Removendo ponto de articulacao 9599:
Grafo ainda e conexo: False
Removendo ponto de articulacao 1677:
Grafo ainda e conexo: False
Removendo ponto de articulacao 1808:
Grafo ainda e conexo: False
Removendo ponto de articulacao 4665:
Grafo ainda e conexo: False
Removendo ponto de articulacao 3720:
Grafo ainda e conexo: False
Removendo ponto de articulacao 5689:
Grafo ainda e conexo: False
Removendo ponto de articulacao 6146:
Grafo ainda e conexo: False
Removendo ponto de articulacao 5233:
Grafo ainda e conexo: False
Removendo ponto de articulacao 6326:
Grafo ainda e conexo: False
Removendo ponto de articulacao 9343:
Grafo ainda e conexo: False
Removendo ponto de articulacao 2932:
Grafo ainda e conexo: False
Removendo ponto de articulacao 1160:
Grafo ainda e conexo: False
Removendo ponto de articulacao 5985:
Grafo ainda e conexo: False
Removendo ponto de articulacao 6107:
Grafo ainda e conexo: False
Removendo ponto de articulacao 9168:
Grafo ainda e conexo: False
Removendo ponto de articulacao 6816:
Grafo ainda e conexo: False
Removendo ponto de articulacao 7330:
Grafo ainda e conexo: False
Removendo ponto de articulacao 1830:
Grafo ainda e conexo: False
Removendo ponto de articulacao 2711:
Grafo ainda e conexo: False
Removendo ponto de articulacao 2694:
Grafo ainda e conexo: False
Removendo ponto de articulacao 6067:
Grafo ainda e conexo: False
Removendo ponto de articulacao 5502:
Grafo ainda e conexo: False
Removendo ponto de articulacao 5468:
Grafo ainda e conexo: False
Removendo ponto de articulacao 3491:
Grafo ainda e conexo: False
Removendo ponto de articulacao 1208:
Grafo ainda e conexo: False
Removendo ponto de articulacao 1733:
Grafo ainda e conexo: False
Removendo ponto de articulacao 4383:
Grafo ainda e conexo: False
Removendo ponto de articulacao 7990:
Grafo ainda e conexo: False
Removendo ponto de articulacao 1956:
Grafo ainda e conexo: False
Removendo ponto de articulacao 2394:
Grafo ainda e conexo: False
Removendo ponto de articulacao 8344:
Grafo ainda e conexo: False
Removendo ponto de articulacao 6998:
Grafo ainda e conexo: False
Removendo ponto de articulacao 3714:
Grafo ainda e conexo: False
Removendo ponto de articulacao 7325:
Grafo ainda e conexo: False
Removendo ponto de articulacao 8085:
Grafo ainda e conexo: False
Removendo ponto de articulacao 2324:
Grafo ainda e conexo: False
Removendo ponto de articulacao 2511:
Grafo ainda e conexo: False
Removendo ponto de articulacao 8133:
Grafo ainda e conexo: False
Removendo ponto de articulacao 7275:
Grafo ainda e conexo: False
Removendo ponto de articulacao 485:
Grafo ainda e conexo: False
Removendo ponto de articulacao 6653:
Grafo ainda e conexo: False
Removendo ponto de articulacao 3387:
Grafo ainda e conexo: False
Removendo ponto de articulacao 7757:
Grafo ainda e conexo: False
Removendo ponto de articulacao 6244:
Grafo ainda e conexo: False
Removendo ponto de articulacao 5905:
Grafo ainda e conexo: False
Removendo ponto de articulacao 1445:
Grafo ainda e conexo: False
Removendo ponto de articulacao 2629:
Grafo ainda e conexo: False
Removendo ponto de articulacao 1200:
Grafo ainda e conexo: False
Removendo ponto de articulacao 5866:
Grafo ainda e conexo: False
Removendo ponto de articulacao 4703:
Grafo ainda e conexo: False
Removendo ponto de articulacao 9218:
Grafo ainda e conexo: False
Removendo ponto de articulacao 6385:
Grafo ainda e conexo: False
Removendo ponto de articulacao 9396:
Grafo ainda e conexo: False
Removendo ponto de articulacao 8127:
Grafo ainda e conexo: False
Removendo ponto de articulacao 508:
Grafo ainda e conexo: False
Removendo ponto de articulacao 3678:
Grafo ainda e conexo: False
Removendo ponto de articulacao 7247:
Grafo ainda e conexo: False
Removendo ponto de articulacao 9793:
Grafo ainda e conexo: False
Removendo ponto de articulacao 6856:
Grafo ainda e conexo: False
Removendo ponto de articulacao 8237:
Grafo ainda e conexo: False
Removendo ponto de articulacao 9636:
Grafo ainda e conexo: False
Removendo ponto de articulacao 3504:
Grafo ainda e conexo: False
Removendo ponto de articulacao 2599:
Grafo ainda e conexo: False
Removendo ponto de articulacao 8201:
Grafo ainda e conexo: False
Removendo ponto de articulacao 6321:
Grafo ainda e conexo: False
Removendo ponto de articulacao 896:
Grafo ainda e conexo: False
Removendo ponto de articulacao 8435:
Grafo ainda e conexo: False
Removendo ponto de articulacao 3091:
Grafo ainda e conexo: False
Removendo ponto de articulacao 3300:
Grafo ainda e conexo: False
Removendo ponto de articulacao 5327:
Grafo ainda e conexo: False
Removendo ponto de articulacao 4238:
Grafo ainda e conexo: False
Removendo ponto de articulacao 5081:
Grafo ainda e conexo: False
Removendo ponto de articulacao 2063:
Grafo ainda e conexo: False
Removendo ponto de articulacao 6080:
Grafo ainda e conexo: False
Removendo ponto de articulacao 2237:
Grafo ainda e conexo: False
Removendo ponto de articulacao 4820:
Grafo ainda e conexo: False
Removendo ponto de articulacao 4287:
Grafo ainda e conexo: False
Removendo ponto de articulacao 9847:
Grafo ainda e conexo: False
Removendo ponto de articulacao 5401:
Grafo ainda e conexo: False
Removendo ponto de articulacao 232:
Grafo ainda e conexo: False
Removendo ponto de articulacao 352:
Grafo ainda e conexo: False
Removendo ponto de articulacao 9490:
Grafo ainda e conexo: False
Removendo ponto de articulacao 4073:
Grafo ainda e conexo: False
Removendo ponto de articulacao 5869:
Grafo ainda e conexo: False
Removendo ponto de articulacao 9574:
Grafo ainda e conexo: False
Removendo ponto de articulacao 1394:
Grafo ainda e conexo: False
Removendo ponto de articulacao 6431:
Grafo ainda e conexo: False
Removendo ponto de articulacao 4580:
Grafo ainda e conexo: False
Removendo ponto de articulacao 2706:
Grafo ainda e conexo: False
Removendo ponto de articulacao 6925:
Grafo ainda e conexo: False
Removendo ponto de articulacao 9152:
Grafo ainda e conexo: False
Removendo ponto de articulacao 755:
Grafo ainda e conexo: False
Removendo ponto de articulacao 7725:
Grafo ainda e conexo: False
Removendo ponto de articulacao 3964:
Grafo ainda e conexo: False
Removendo ponto de articulacao 6497:
Grafo ainda e conexo: False
Removendo ponto de articulacao 6900:
Grafo ainda e conexo: False
Removendo ponto de articulacao 6965:
Grafo ainda e conexo: False
Removendo ponto de articulacao 7299:
Grafo ainda e conexo: False
Removendo ponto de articulacao 3189:
Grafo ainda e conexo: False
Removendo ponto de articulacao 8449:
Grafo ainda e conexo: False
Removendo ponto de articulacao 3872:
Grafo ainda e conexo: False
Removendo ponto de articulacao 1279:
Grafo ainda e conexo: False
Removendo ponto de articulacao 574:
Grafo ainda e conexo: False
Removendo ponto de articulacao 496:
Grafo ainda e conexo: False
Removendo ponto de articulacao 1849:
Grafo ainda e conexo: False
Removendo ponto de articulacao 9760:
Grafo ainda e conexo: False
Removendo ponto de articulacao 111:
Grafo ainda e conexo: False
Removendo ponto de articulacao 2658:
Grafo ainda e conexo: False
Removendo ponto de articulacao 2621:
Grafo ainda e conexo: False
Removendo ponto de articulacao 7412:
Grafo ainda e conexo: False
Removendo ponto de articulacao 8321:
Grafo ainda e conexo: False
Removendo ponto de articulacao 3933:
Grafo ainda e conexo: False
Removendo ponto de articulacao 9243:
Grafo ainda e conexo: False
Removendo ponto de articulacao 9849:
Grafo ainda e conexo: False
Removendo ponto de articulacao 588:
Grafo ainda e conexo: False
Removendo ponto de articulacao 4520:
Grafo ainda e conexo: False
Removendo ponto de articulacao 9048:
Grafo ainda e conexo: False
Removendo ponto de articulacao 150:
Grafo ainda e conexo: False
Removendo ponto de articulacao 6264:
Grafo ainda e conexo: False
Removendo ponto de articulacao 7390:
Grafo ainda e conexo: False
Removendo ponto de articulacao 6064:
Grafo ainda e conexo: False
Removendo ponto de articulacao 8772:
Grafo ainda e conexo: False
Removendo ponto de articulacao 5993:
Grafo ainda e conexo: False
Removendo ponto de articulacao 1395:
Grafo ainda e conexo: False
Removendo ponto de articulacao 7507:
Grafo ainda e conexo: False
Removendo ponto de articulacao 7944:
Grafo ainda e conexo: False
Removendo ponto de articulacao 7413:
Grafo ainda e conexo: False
Removendo ponto de articulacao 8946:
Grafo ainda e conexo: False
Removendo ponto de articulacao 1947:
Grafo ainda e conexo: False
Removendo ponto de articulacao 9529:
Grafo ainda e conexo: False
Removendo ponto de articulacao 7947:
Grafo ainda e conexo: False
Removendo ponto de articulacao 2044:
Grafo ainda e conexo: False
Removendo ponto de articulacao 6349:
Grafo ainda e conexo: False
Removendo ponto de articulacao 2238:
Grafo ainda e conexo: False
Removendo ponto de articulacao 2206:
Grafo ainda e conexo: False
Removendo ponto de articulacao 6909:
Grafo ainda e conexo: False
Removendo ponto de articulacao 3282:
Grafo ainda e conexo: False
Removendo ponto de articulacao 9997:
Grafo ainda e conexo: False
Removendo ponto de articulacao 7152:
Grafo ainda e conexo: False
Removendo ponto de articulacao 1002:
Grafo ainda e conexo: False
Removendo ponto de articulacao 2092:
Grafo ainda e conexo: False
Removendo ponto de articulacao 3240:
Grafo ainda e conexo: False
Removendo ponto de articulacao 8713:
Grafo ainda e conexo: False
Removendo ponto de articulacao 305:
Grafo ainda e conexo: False
Removendo ponto de articulacao 247:
Grafo ainda e conexo: False
Removendo ponto de articulacao 7240:
Grafo ainda e conexo: False
Removendo ponto de articulacao 1069:
Grafo ainda e conexo: False
Removendo ponto de articulacao 3486:
Grafo ainda e conexo: False
Removendo ponto de articulacao 2782:
Grafo ainda e conexo: False
Removendo ponto de articulacao 9776:
Grafo ainda e conexo: False
Removendo ponto de articulacao 4808:
Grafo ainda e conexo: False
Removendo ponto de articulacao 4869:
Grafo ainda e conexo: False
Removendo ponto de articulacao 1580:
Grafo ainda e conexo: False
Removendo ponto de articulacao 9043:
Grafo ainda e conexo: False
Removendo ponto de articulacao 6887:
Grafo ainda e conexo: False
Removendo ponto de articulacao 7613:
Grafo ainda e conexo: False
Removendo ponto de articulacao 4008:
Grafo ainda e conexo: False
Removendo ponto de articulacao 8059:
Grafo ainda e conexo: False
Removendo ponto de articulacao 1169:
Grafo ainda e conexo: False
Removendo ponto de articulacao 5527:
Grafo ainda e conexo: False
Removendo ponto de articulacao 4473:
Grafo ainda e conexo: False
Removendo ponto de articulacao 3981:
Grafo ainda e conexo: False
Removendo ponto de articulacao 5369:
Grafo ainda e conexo: False
Removendo ponto de articulacao 4191:
Grafo ainda e conexo: False
Removendo ponto de articulacao 643:
Grafo ainda e conexo: False
Removendo ponto de articulacao 6841:
Grafo ainda e conexo: False
Removendo ponto de articulacao 599:
Grafo ainda e conexo: False
Removendo ponto de articulacao 2320:
Grafo ainda e conexo: False
Removendo ponto de articulacao 2228:
Grafo ainda e conexo: False
Removendo ponto de articulacao 5846:
Grafo ainda e conexo: False
Removendo ponto de articulacao 7629:
Grafo ainda e conexo: False
Removendo ponto de articulacao 6744:
Grafo ainda e conexo: False
Removendo ponto de articulacao 1946:
Grafo ainda e conexo: False
Removendo ponto de articulacao 6219:
Grafo ainda e conexo: False
Removendo ponto de articulacao 798:
Grafo ainda e conexo: False
Removendo ponto de articulacao 999:
Grafo ainda e conexo: False
Removendo ponto de articulacao 2161:
Grafo ainda e conexo: False
Removendo ponto de articulacao 986:
Grafo ainda e conexo: False
Removendo ponto de articulacao 9263:
Grafo ainda e conexo: False
Removendo ponto de articulacao 4141:
Grafo ainda e conexo: False
Removendo ponto de articulacao 8903:
Grafo ainda e conexo: False
Removendo ponto de articulacao 4246:
Grafo ainda e conexo: False
Removendo ponto de articulacao 4390:
Grafo ainda e conexo: False
Removendo ponto de articulacao 8094:
Grafo ainda e conexo: False
Removendo ponto de articulacao 8494:
Grafo ainda e conexo: False
Removendo ponto de articulacao 1294:
Grafo ainda e conexo: False
Removendo ponto de articulacao 9659:
Grafo ainda e conexo: False
Removendo ponto de articulacao 3562:
Grafo ainda e conexo: False
Removendo ponto de articulacao 3023:
Grafo ainda e conexo: False
Removendo ponto de articulacao 4533:
Grafo ainda e conexo: False
Removendo ponto de articulacao 6984:
Grafo ainda e conexo: False
Removendo ponto de articulacao 6538:
Grafo ainda e conexo: False
Removendo ponto de articulacao 5121:
Grafo ainda e conexo: False
Removendo ponto de articulacao 7496:
Grafo ainda e conexo: False
Removendo ponto de articulacao 540:
Grafo ainda e conexo: False
Removendo ponto de articulacao 1551:
Grafo ainda e conexo: False
Removendo ponto de articulacao 6957:
Grafo ainda e conexo: False
Removendo ponto de articulacao 3650:
Grafo ainda e conexo: False
Removendo ponto de articulacao 1898:
Grafo ainda e conexo: False
Removendo ponto de articulacao 2259:
Grafo ainda e conexo: False
Removendo ponto de articulacao 8710:
Grafo ainda e conexo: False
Removendo ponto de articulacao 7103:
Grafo ainda e conexo: False
Removendo ponto de articulacao 2476:
Grafo ainda e conexo: False
Removendo ponto de articulacao 9840:
Grafo ainda e conexo: False
Removendo ponto de articulacao 5651:
Grafo ainda e conexo: False
Removendo ponto de articulacao 2792:
Grafo ainda e conexo: False
Removendo ponto de articulacao 4103:
Grafo ainda e conexo: False
Removendo ponto de articulacao 9067:
Grafo ainda e conexo: False
Removendo ponto de articulacao 5299:
Grafo ainda e conexo: False
Removendo ponto de articulacao 4714:
Grafo ainda e conexo: False
Removendo ponto de articulacao 213:
Grafo ainda e conexo: False
Removendo ponto de articulacao 6019:
Grafo ainda e conexo: False
Removendo ponto de articulacao 5743:
Grafo ainda e conexo: False
Removendo ponto de articulacao 4726:
Grafo ainda e conexo: False
Removendo ponto de articulacao 684:
Grafo ainda e conexo: False
Removendo ponto de articulacao 1054:
Grafo ainda e conexo: False
Removendo ponto de articulacao 6804:
Grafo ainda e conexo: False
Removendo ponto de articulacao 9469:
Grafo ainda e conexo: False
Removendo ponto de articulacao 4713:
Grafo ainda e conexo: False
Removendo ponto de articulacao 3028:
Grafo ainda e conexo: False
Removendo ponto de articulacao 1439:
Grafo ainda e conexo: False
Removendo ponto de articulacao 9953:
Grafo ainda e conexo: False
Removendo ponto de articulacao 7415:
Grafo ainda e conexo: False
Removendo ponto de articulacao 5692:
Grafo ainda e conexo: False
Removendo ponto de articulacao 7812:
Grafo ainda e conexo: False
Removendo ponto de articulacao 2957:
Grafo ainda e conexo: False
Removendo ponto de articulacao 3274:
Grafo ainda e conexo: False
Removendo ponto de articulacao 7646:
Grafo ainda e conexo: False
Removendo ponto de articulacao 7178:
Grafo ainda e conexo: False
Removendo ponto de articulacao 8168:
Grafo ainda e conexo: False
Removendo ponto de articulacao 773:
Grafo ainda e conexo: False
Removendo ponto de articulacao 4945:
Grafo ainda e conexo: False
Removendo ponto de articulacao 9753:
Grafo ainda e conexo: False
Removendo ponto de articulacao 5378:
Grafo ainda e conexo: False
Removendo ponto de articulacao 1215:
Grafo ainda e conexo: False
Removendo ponto de articulacao 939:
Grafo ainda e conexo: False
Removendo ponto de articulacao 7493:
Grafo ainda e conexo: False
Removendo ponto de articulacao 8320:
Grafo ainda e conexo: False
Removendo ponto de articulacao 8550:
Grafo ainda e conexo: False
Removendo ponto de articulacao 7735:
Grafo ainda e conexo: False
Removendo ponto de articulacao 399:
Grafo ainda e conexo: False
Removendo ponto de articulacao 3968:
Grafo ainda e conexo: False
Removendo ponto de articulacao 6594:
Grafo ainda e conexo: False
Removendo ponto de articulacao 3376:
Grafo ainda e conexo: False
Removendo ponto de articulacao 2412:
Grafo ainda e conexo: False
Removendo ponto de articulacao 1275:
Grafo ainda e conexo: False
Removendo ponto de articulacao 2232:
Grafo ainda e conexo: False
Removendo ponto de articulacao 3388:
Grafo ainda e conexo: False
Removendo ponto de articulacao 8917:
Grafo ainda e conexo: False
Removendo ponto de articulacao 5400:
Grafo ainda e conexo: False
Removendo ponto de articulacao 9613:
Grafo ainda e conexo: False
Removendo ponto de articulacao 6722:
Grafo ainda e conexo: False
Removendo ponto de articulacao 7751:
Grafo ainda e conexo: False
Removendo ponto de articulacao 5632:
Grafo ainda e conexo: False
Removendo ponto de articulacao 760:
Grafo ainda e conexo: False
Removendo ponto de articulacao 9978:
Grafo ainda e conexo: False
Removendo ponto de articulacao 1087:
Grafo ainda e conexo: False
Removendo ponto de articulacao 9545:
Grafo ainda e conexo: False
Removendo ponto de articulacao 9723:
Grafo ainda e conexo: False
Removendo ponto de articulacao 8684:
Grafo ainda e conexo: False
Removendo ponto de articulacao 5646:
Grafo ainda e conexo: False
Removendo ponto de articulacao 4416:
Grafo ainda e conexo: False
Removendo ponto de articulacao 199:
Grafo ainda e conexo: False
Removendo ponto de articulacao 8152:
Grafo ainda e conexo: False
Removendo ponto de articulacao 6695:
Grafo ainda e conexo: False
Removendo ponto de articulacao 1020:
Grafo ainda e conexo: False
Removendo ponto de articulacao 2337:
Grafo ainda e conexo: False
Removendo ponto de articulacao 4587:
Grafo ainda e conexo: False
Removendo ponto de articulacao 1492:
Grafo ainda e conexo: False
Removendo ponto de articulacao 3972:
Grafo ainda e conexo: False
Removendo ponto de articulacao 7828:
Grafo ainda e conexo: False
Removendo ponto de articulacao 4528:
Grafo ainda e conexo: False
Removendo ponto de articulacao 5017:
Grafo ainda e conexo: False
Removendo ponto de articulacao 1818:
Grafo ainda e conexo: False
Removendo ponto de articulacao 9053:
Grafo ainda e conexo: False
Removendo ponto de articulacao 3894:
Grafo ainda e conexo: False
Removendo ponto de articulacao 2373:
Grafo ainda e conexo: False
Removendo ponto de articulacao 8319:
Grafo ainda e conexo: False
Removendo ponto de articulacao 6876:
Grafo ainda e conexo: False
Removendo ponto de articulacao 766:
Grafo ainda e conexo: False
Removendo ponto de articulacao 1998:
Grafo ainda e conexo: False
Removendo ponto de articulacao 6721:
Grafo ainda e conexo: False
Removendo ponto de articulacao 6272:
Grafo ainda e conexo: False
Removendo ponto de articulacao 6375:
Grafo ainda e conexo: False
Removendo ponto de articulacao 3137:
Grafo ainda e conexo: False
Removendo ponto de articulacao 1009:
Grafo ainda e conexo: False
Removendo ponto de articulacao 636:
Grafo ainda e conexo: False
Removendo ponto de articulacao 5512:
Grafo ainda e conexo: False
Removendo ponto de articulacao 6872:
Grafo ainda e conexo: False
Removendo ponto de articulacao 6676:
Grafo ainda e conexo: False
Removendo ponto de articulacao 2415:
Grafo ainda e conexo: False
Removendo ponto de articulacao 3319:
Grafo ainda e conexo: False
Removendo ponto de articulacao 1369:
Grafo ainda e conexo: False
Removendo ponto de articulacao 2302:
Grafo ainda e conexo: False
Removendo ponto de articulacao 4997:
Grafo ainda e conexo: False
Removendo ponto de articulacao 1366:
Grafo ainda e conexo: False
Removendo ponto de articulacao 2698:
Grafo ainda e conexo: False
Removendo ponto de articulacao 5547:
Grafo ainda e conexo: False
Removendo ponto de articulacao 8815:
Grafo ainda e conexo: False
Removendo ponto de articulacao 1666:
Grafo ainda e conexo: False
Removendo ponto de articulacao 3902:
Grafo ainda e conexo: False
Removendo ponto de articulacao 5321:
Grafo ainda e conexo: False
Removendo ponto de articulacao 9656:
Grafo ainda e conexo: False
Removendo ponto de articulacao 5176:
Grafo ainda e conexo: False
Removendo ponto de articulacao 9585:
Grafo ainda e conexo: False
Removendo ponto de articulacao 5265:
Grafo ainda e conexo: False
Removendo ponto de articulacao 9061:
Grafo ainda e conexo: False
Removendo ponto de articulacao 8821:
Grafo ainda e conexo: False
Removendo ponto de articulacao 8670:
Grafo ainda e conexo: False
Removendo ponto de articulacao 1887:
Grafo ainda e conexo: False
Removendo ponto de articulacao 864:
Grafo ainda e conexo: False
Removendo ponto de articulacao 639:
Grafo ainda e conexo: False
Removendo ponto de articulacao 3177:
Grafo ainda e conexo: False
Removendo ponto de articulacao 5967:
Grafo ainda e conexo: False
Removendo ponto de articulacao 8873:
Grafo ainda e conexo: False
Removendo ponto de articulacao 9527:
Grafo ainda e conexo: False
Removendo ponto de articulacao 3892:
Grafo ainda e conexo: False
Removendo ponto de articulacao 68:
Grafo ainda e conexo: False
Removendo ponto de articulacao 9662:
Grafo ainda e conexo: False
Removendo ponto de articulacao 2100:
Grafo ainda e conexo: False
Removendo ponto de articulacao 4464:
Grafo ainda e conexo: False
Removendo ponto de articulacao 1814:
Grafo ainda e conexo: False
Removendo ponto de articulacao 5739:
Grafo ainda e conexo: False
Removendo ponto de articulacao 8263:
Grafo ainda e conexo: False
Removendo ponto de articulacao 4038:
Grafo ainda e conexo: False
Removendo ponto de articulacao 7170:
Grafo ainda e conexo: False
Removendo ponto de articulacao 5946:
Grafo ainda e conexo: False
Removendo ponto de articulacao 3260:
Grafo ainda e conexo: False
Removendo ponto de articulacao 7255:
Grafo ainda e conexo: False
Removendo ponto de articulacao 8028:
Grafo ainda e conexo: False
Removendo ponto de articulacao 7831:
Grafo ainda e conexo: False
Removendo ponto de articulacao 1316:
Grafo ainda e conexo: False
Removendo ponto de articulacao 2031:
Grafo ainda e conexo: False
Removendo ponto de articulacao 6875:
Grafo ainda e conexo: False
Removendo ponto de articulacao 5879:
Grafo ainda e conexo: False
Removendo ponto de articulacao 7160:
Grafo ainda e conexo: False
Removendo ponto de articulacao 6700:
Grafo ainda e conexo: False
Removendo ponto de articulacao 1343:
Grafo ainda e conexo: False
Removendo ponto de articulacao 7145:
Grafo ainda e conexo: False
Removendo ponto de articulacao 9186:
Grafo ainda e conexo: False
Removendo ponto de articulacao 1016:
Grafo ainda e conexo: False
Removendo ponto de articulacao 1872:
Grafo ainda e conexo: False
Removendo ponto de articulacao 7323:
Grafo ainda e conexo: False
Removendo ponto de articulacao 7298:
Grafo ainda e conexo: False
Removendo ponto de articulacao 1370:
Grafo ainda e conexo: False
Removendo ponto de articulacao 5264:
Grafo ainda e conexo: False
Removendo ponto de articulacao 2377:
Grafo ainda e conexo: False
Removendo ponto de articulacao 1802:
Grafo ainda e conexo: False
Removendo ponto de articulacao 4691:
Grafo ainda e conexo: False
Removendo ponto de articulacao 1935:
Grafo ainda e conexo: False
Removendo ponto de articulacao 6785:
Grafo ainda e conexo: False
Removendo ponto de articulacao 9862:
Grafo ainda e conexo: False
Removendo ponto de articulacao 4046:
Grafo ainda e conexo: False
Removendo ponto de articulacao 3286:
Grafo ainda e conexo: False
Removendo ponto de articulacao 358:
Grafo ainda e conexo: False
Removendo ponto de articulacao 7142:
Grafo ainda e conexo: False
Removendo ponto de articulacao 1282:
Grafo ainda e conexo: False
Removendo ponto de articulacao 1567:
Grafo ainda e conexo: False
Removendo ponto de articulacao 6066:
Grafo ainda e conexo: False
Removendo ponto de articulacao 8239:
Grafo ainda e conexo: False
Removendo ponto de articulacao 3332:
Grafo ainda e conexo: False
Removendo ponto de articulacao 4066:
Grafo ainda e conexo: False
Removendo ponto de articulacao 5051:
Grafo ainda e conexo: False
Removendo ponto de articulacao 1423:
Grafo ainda e conexo: False
Removendo ponto de articulacao 2288:
Grafo ainda e conexo: False
Removendo ponto de articulacao 946:
Grafo ainda e conexo: False
Removendo ponto de articulacao 1949:
Grafo ainda e conexo: False
Removendo ponto de articulacao 3856:
Grafo ainda e conexo: False
Removendo ponto de articulacao 9666:
Grafo ainda e conexo: False
Removendo ponto de articulacao 460:
Grafo ainda e conexo: False
Removendo ponto de articulacao 2802:
Grafo ainda e conexo: False
Removendo ponto de articulacao 5633:
Grafo ainda e conexo: False
Removendo ponto de articulacao 6643:
Grafo ainda e conexo: False
Removendo ponto de articulacao 904:
Grafo ainda e conexo: False
Removendo ponto de articulacao 6454:
Grafo ainda e conexo: False
Removendo ponto de articulacao 8907:
Grafo ainda e conexo: False
Removendo ponto de articulacao 6759:
Grafo ainda e conexo: False
Removendo ponto de articulacao 7101:
Grafo ainda e conexo: False
Removendo ponto de articulacao 3639:
Grafo ainda e conexo: False
Removendo ponto de articulacao 2552:
Grafo ainda e conexo: False
Removendo ponto de articulacao 8268:
Grafo ainda e conexo: False
Removendo ponto de articulacao 3820:
Grafo ainda e conexo: False
Removendo ponto de articulacao 2375:
Grafo ainda e conexo: False
Removendo ponto de articulacao 6748:
Grafo ainda e conexo: False
Removendo ponto de articulacao 7597:
Grafo ainda e conexo: False
Removendo ponto de articulacao 9338:
Grafo ainda e conexo: False
Removendo ponto de articulacao 3443:
Grafo ainda e conexo: False
Removendo ponto de articulacao 1502:
Grafo ainda e conexo: False
Removendo ponto de articulacao 272:
Grafo ainda e conexo: False
Removendo ponto de articulacao 6128:
Grafo ainda e conexo: False
Removendo ponto de articulacao 3995:
Grafo ainda e conexo: False
Removendo ponto de articulacao 6719:
Grafo ainda e conexo: False
Removendo ponto de articulacao 1966:
Grafo ainda e conexo: False
Removendo ponto de articulacao 1320:
Grafo ainda e conexo: False
Removendo ponto de articulacao 5836:
Grafo ainda e conexo: False
Removendo ponto de articulacao 2368:
Grafo ainda e conexo: False
Removendo ponto de articulacao 4075:
Grafo ainda e conexo: False
Removendo ponto de articulacao 2463:
Grafo ainda e conexo: False
Removendo ponto de articulacao 8634:
Grafo ainda e conexo: False
Removendo ponto de articulacao 9136:
Grafo ainda e conexo: False
Removendo ponto de articulacao 3217:
Grafo ainda e conexo: False
Removendo ponto de articulacao 9437:
Grafo ainda e conexo: False
Removendo ponto de articulacao 5365:
Grafo ainda e conexo: False
Removendo ponto de articulacao 1314:
Grafo ainda e conexo: False
Removendo ponto de articulacao 763:
Grafo ainda e conexo: False
Removendo ponto de articulacao 735:
Grafo ainda e conexo: False
Removendo ponto de articulacao 1173:
Grafo ainda e conexo: False
Removendo ponto de articulacao 5016:
Grafo ainda e conexo: False
Removendo ponto de articulacao 9757:
Grafo ainda e conexo: False
Removendo ponto de articulacao 1381:
Grafo ainda e conexo: False
Removendo ponto de articulacao 7993:
Grafo ainda e conexo: False
Removendo ponto de articulacao 5563:
Grafo ainda e conexo: False
Removendo ponto de articulacao 9153:
Grafo ainda e conexo: False
Removendo ponto de articulacao 8734:
Grafo ainda e conexo: False
Removendo ponto de articulacao 7354:
Grafo ainda e conexo: False
Removendo ponto de articulacao 2477:
Grafo ainda e conexo: False
Removendo ponto de articulacao 8332:
Grafo ainda e conexo: False
Removendo ponto de articulacao 9960:
Grafo ainda e conexo: False
Removendo ponto de articulacao 4005:
Grafo ainda e conexo: False
Removendo ponto de articulacao 4896:
Grafo ainda e conexo: False
Removendo ponto de articulacao 1937:
Grafo ainda e conexo: False
Removendo ponto de articulacao 153:
Grafo ainda e conexo: False
Removendo ponto de articulacao 6896:
Grafo ainda e conexo: False
Removendo ponto de articulacao 5351:
Grafo ainda e conexo: False
Removendo ponto de articulacao 318:
Grafo ainda e conexo: False
Removendo ponto de articulacao 3418:
Grafo ainda e conexo: False
Removendo ponto de articulacao 7404:
Grafo ainda e conexo: False
Removendo ponto de articulacao 4664:
Grafo ainda e conexo: False
Removendo ponto de articulacao 887:
Grafo ainda e conexo: False
Removendo ponto de articulacao 9446:
Grafo ainda e conexo: False
Removendo ponto de articulacao 5041:
Grafo ainda e conexo: False
Removendo ponto de articulacao 2518:
Grafo ainda e conexo: False
Removendo ponto de articulacao 6365:
Grafo ainda e conexo: False
Removendo ponto de articulacao 9569:
Grafo ainda e conexo: False
Removendo ponto de articulacao 1084:
Grafo ainda e conexo: False
Removendo ponto de articulacao 8483:
Grafo ainda e conexo: False
Removendo ponto de articulacao 2906:
Grafo ainda e conexo: False
Removendo ponto de articulacao 4931:
Grafo ainda e conexo: False
Removendo ponto de articulacao 2816:
Grafo ainda e conexo: False
Removendo ponto de articulacao 8038:
Grafo ainda e conexo: False
Removendo ponto de articulacao 5262:
Grafo ainda e conexo: False
Removendo ponto de articulacao 8241:
Grafo ainda e conexo: False
Removendo ponto de articulacao 5950:
Grafo ainda e conexo: False
Removendo ponto de articulacao 6396:
Grafo ainda e conexo: False
Removendo ponto de articulacao 2217:
Grafo ainda e conexo: False
Removendo ponto de articulacao 4510:
Grafo ainda e conexo: False
Removendo ponto de articulacao 6687:
Grafo ainda e conexo: False
Removendo ponto de articulacao 9290:
Grafo ainda e conexo: False
Removendo ponto de articulacao 2813:
Grafo ainda e conexo: False
Removendo ponto de articulacao 9961:
Grafo ainda e conexo: False
Removendo ponto de articulacao 6301:
Grafo ainda e conexo: False
Removendo ponto de articulacao 4627:
Grafo ainda e conexo: False
Removendo ponto de articulacao 5050:
Grafo ainda e conexo: False
Removendo ponto de articulacao 4058:
Grafo ainda e conexo: False
Removendo ponto de articulacao 4446:
Grafo ainda e conexo: False
Removendo ponto de articulacao 7290:
Grafo ainda e conexo: False
Removendo ponto de articulacao 2752:
Grafo ainda e conexo: False
Removendo ponto de articulacao 2088:
Grafo ainda e conexo: False
Removendo ponto de articulacao 6029:
Grafo ainda e conexo: False
Removendo ponto de articulacao 2214:
Grafo ainda e conexo: False
Removendo ponto de articulacao 4939:
Grafo ainda e conexo: False
Removendo ponto de articulacao 9036:
Grafo ainda e conexo: False
Removendo ponto de articulacao 7996:
Grafo ainda e conexo: False
Removendo ponto de articulacao 4262:
Grafo ainda e conexo: False
Removendo ponto de articulacao 3870:
Grafo ainda e conexo: False
Removendo ponto de articulacao 2285:
Grafo ainda e conexo: False
Removendo ponto de articulacao 4499:
Grafo ainda e conexo: False
Removendo ponto de articulacao 4881:
Grafo ainda e conexo: False
Removendo ponto de articulacao 1276:
Grafo ainda e conexo: False
Removendo ponto de articulacao 4233:
Grafo ainda e conexo: False
Removendo ponto de articulacao 1425:
Grafo ainda e conexo: False
Removendo ponto de articulacao 1249:
Grafo ainda e conexo: False
Removendo ponto de articulacao 5404:
Grafo ainda e conexo: False
Removendo ponto de articulacao 2058:
Grafo ainda e conexo: False
Removendo ponto de articulacao 3078:
Grafo ainda e conexo: False
Removendo ponto de articulacao 461:
Grafo ainda e conexo: False
Removendo ponto de articulacao 5974:
Grafo ainda e conexo: False
Removendo ponto de articulacao 1147:
Grafo ainda e conexo: False
Removendo ponto de articulacao 270:
Grafo ainda e conexo: False
Removendo ponto de articulacao 9252:
Grafo ainda e conexo: False
Removendo ponto de articulacao 9027:
Grafo ainda e conexo: False
Removendo ponto de articulacao 4077:
Grafo ainda e conexo: False
Removendo ponto de articulacao 5804:
Grafo ainda e conexo: False
Removendo ponto de articulacao 906:
Grafo ainda e conexo: False
Removendo ponto de articulacao 5114:
Grafo ainda e conexo: False
Removendo ponto de articulacao 2971:
Grafo ainda e conexo: False
Removendo ponto de articulacao 5995:
Grafo ainda e conexo: False
Removendo ponto de articulacao 2773:
Grafo ainda e conexo: False
Removendo ponto de articulacao 7762:
Grafo ainda e conexo: False
Removendo ponto de articulacao 2404:
Grafo ainda e conexo: False
Removendo ponto de articulacao 6586:
Grafo ainda e conexo: False
Removendo ponto de articulacao 8832:
Grafo ainda e conexo: False
Removendo ponto de articulacao 6425:
Grafo ainda e conexo: False
Removendo ponto de articulacao 7471:
Grafo ainda e conexo: False
Removendo ponto de articulacao 5592:
Grafo ainda e conexo: False
Removendo ponto de articulacao 8429:
Grafo ainda e conexo: False
Removendo ponto de articulacao 5649:
Grafo ainda e conexo: False
Removendo ponto de articulacao 371:
Grafo ainda e conexo: False
Removendo ponto de articulacao 4701:
Grafo ainda e conexo: False
Removendo ponto de articulacao 5711:
Grafo ainda e conexo: False
Removendo ponto de articulacao 8200:
Grafo ainda e conexo: False
Removendo ponto de articulacao 6790:
Grafo ainda e conexo: False
Removendo ponto de articulacao 7097:
Grafo ainda e conexo: False
Removendo ponto de articulacao 1105:
Grafo ainda e conexo: False
Removendo ponto de articulacao 2805:
Grafo ainda e conexo: False
Removendo ponto de articulacao 5199:
Grafo ainda e conexo: False
Removendo ponto de articulacao 4544:
Grafo ainda e conexo: False
Removendo ponto de articulacao 3366:
Grafo ainda e conexo: False
Removendo ponto de articulacao 2613:
Grafo ainda e conexo: False
Removendo ponto de articulacao 1906:
Grafo ainda e conexo: False
Removendo ponto de articulacao 4468:
Grafo ainda e conexo: False
Removendo ponto de articulacao 1645:
Grafo ainda e conexo: False
Removendo ponto de articulacao 738:
Grafo ainda e conexo: False
Removendo ponto de articulacao 9852:
Grafo ainda e conexo: False
Removendo ponto de articulacao 246:
Grafo ainda e conexo: False
Removendo ponto de articulacao 5902:
Grafo ainda e conexo: False
Removendo ponto de articulacao 3082:
Grafo ainda e conexo: False
Removendo ponto de articulacao 953:
Grafo ainda e conexo: False
Removendo ponto de articulacao 8467:
Grafo ainda e conexo: False
Removendo ponto de articulacao 130:
Grafo ainda e conexo: False
Removendo ponto de articulacao 7919:
Grafo ainda e conexo: False
Removendo ponto de articulacao 3919:
Grafo ainda e conexo: False
Removendo ponto de articulacao 88:
Grafo ainda e conexo: False
Removendo ponto de articulacao 7338:
Grafo ainda e conexo: False
Removendo ponto de articulacao 1398:
Grafo ainda e conexo: False
Removendo ponto de articulacao 6523:
Grafo ainda e conexo: False
Removendo ponto de articulacao 6016:
Grafo ainda e conexo: False
Removendo ponto de articulacao 6251:
Grafo ainda e conexo: False
Removendo ponto de articulacao 4101:
Grafo ainda e conexo: False
Removendo ponto de articulacao 8633:
Grafo ainda e conexo: False
Removendo ponto de articulacao 5442:
Grafo ainda e conexo: False
Removendo ponto de articulacao 3727:
Grafo ainda e conexo: False
Removendo ponto de articulacao 3316:
Grafo ainda e conexo: False
Removendo ponto de articulacao 9155:
Grafo ainda e conexo: False
Removendo ponto de articulacao 6828:
Grafo ainda e conexo: False
Removendo ponto de articulacao 9605:
Grafo ainda e conexo: False
Removendo ponto de articulacao 8927:
Grafo ainda e conexo: False
Removendo ponto de articulacao 5462:
Grafo ainda e conexo: False
Removendo ponto de articulacao 1463:
Grafo ainda e conexo: False
Removendo ponto de articulacao 595:
Grafo ainda e conexo: False
Removendo ponto de articulacao 514:
Grafo ainda e conexo: False
Removendo ponto de articulacao 1704:
Grafo ainda e conexo: False
Removendo ponto de articulacao 7106:
Grafo ainda e conexo: False
Removendo ponto de articulacao 8250:
Grafo ainda e conexo: False
Removendo ponto de articulacao 5377:
Grafo ainda e conexo: False
Removendo ponto de articulacao 7737:
Grafo ainda e conexo: False
Removendo ponto de articulacao 4567:
Grafo ainda e conexo: False
Removendo ponto de articulacao 2653:
Grafo ainda e conexo: False
Removendo ponto de articulacao 4759:
Grafo ainda e conexo: False
Removendo ponto de articulacao 1589:
Grafo ainda e conexo: False
Removendo ponto de articulacao 3048:
Grafo ainda e conexo: False
Removendo ponto de articulacao 8364:
Grafo ainda e conexo: False
Removendo ponto de articulacao 9341:
Grafo ainda e conexo: False
Removendo ponto de articulacao 5810:
Grafo ainda e conexo: False
Removendo ponto de articulacao 7237:
Grafo ainda e conexo: False
Removendo ponto de articulacao 9669:
Grafo ainda e conexo: False
Removendo ponto de articulacao 6521:
Grafo ainda e conexo: False
Removendo ponto de articulacao 9983:
Grafo ainda e conexo: False
Removendo ponto de articulacao 6604:
Grafo ainda e conexo: False
Removendo ponto de articulacao 3791:
Grafo ainda e conexo: False
Removendo ponto de articulacao 2136:
Grafo ainda e conexo: False
Removendo ponto de articulacao 9352:
Grafo ainda e conexo: False
Removendo ponto de articulacao 9644:
Grafo ainda e conexo: False
Removendo ponto de articulacao 2848:
Grafo ainda e conexo: False
Removendo ponto de articulacao 9520:
Grafo ainda e conexo: False
Removendo ponto de articulacao 894:
Grafo ainda e conexo: False
Removendo ponto de articulacao 9551:
Grafo ainda e conexo: False
Removendo ponto de articulacao 7674:
Grafo ainda e conexo: False
Removendo ponto de articulacao 2143:
Grafo ainda e conexo: False
Removendo ponto de articulacao 8795:
Grafo ainda e conexo: False
Removendo ponto de articulacao 5620:
Grafo ainda e conexo: False
Removendo ponto de articulacao 8195:
Grafo ainda e conexo: False
Removendo ponto de articulacao 5022:
Grafo ainda e conexo: False
Removendo ponto de articulacao 5257:
Grafo ainda e conexo: False
Removendo ponto de articulacao 9702:
Grafo ainda e conexo: False
Removendo ponto de articulacao 6936:
Grafo ainda e conexo: False
Removendo ponto de articulacao 8424:
Grafo ainda e conexo: False
Removendo ponto de articulacao 9427:
Grafo ainda e conexo: False
Removendo ponto de articulacao 8797:
Grafo ainda e conexo: False
Removendo ponto de articulacao 179:
Grafo ainda e conexo: False
Removendo ponto de articulacao 6536:
Grafo ainda e conexo: False
Removendo ponto de articulacao 143:
Grafo ainda e conexo: False
Removendo ponto de articulacao 8868:
Grafo ainda e conexo: False
Removendo ponto de articulacao 1952:
Grafo ainda e conexo: False
Removendo ponto de articulacao 6593:
Grafo ainda e conexo: False
Removendo ponto de articulacao 2486:
Grafo ainda e conexo: False
Removendo ponto de articulacao 3279:
Grafo ainda e conexo: False
Removendo ponto de articulacao 1688:
Grafo ainda e conexo: False
Removendo ponto de articulacao 4360:
Grafo ainda e conexo: False
Removendo ponto de articulacao 42:
Grafo ainda e conexo: False
Removendo ponto de articulacao 183:
Grafo ainda e conexo: False
Removendo ponto de articulacao 5423:
Grafo ainda e conexo: False
Removendo ponto de articulacao 5852:
Grafo ainda e conexo: False
Removendo ponto de articulacao 5214:
Grafo ainda e conexo: False
Removendo ponto de articulacao 4581:
Grafo ainda e conexo: False
Removendo ponto de articulacao 9200:
Grafo ainda e conexo: False
Removendo ponto de articulacao 3789:
Grafo ainda e conexo: False
Removendo ponto de articulacao 8256:
Grafo ainda e conexo: False
Removendo ponto de articulacao 344:
Grafo ainda e conexo: False
Removendo ponto de articulacao 2984:
Grafo ainda e conexo: False
Removendo ponto de articulacao 2313:
Grafo ainda e conexo: False
Removendo ponto de articulacao 9600:
Grafo ainda e conexo: False
Removendo ponto de articulacao 7048:
Grafo ainda e conexo: False
Removendo ponto de articulacao 503:
Grafo ainda e conexo: False
Removendo ponto de articulacao 7242:
Grafo ainda e conexo: False
Removendo ponto de articulacao 6518:
Grafo ainda e conexo: False
Removendo ponto de articulacao 3869:
Grafo ainda e conexo: False
Removendo ponto de articulacao 7912:
Grafo ainda e conexo: False
Removendo ponto de articulacao 2651:
Grafo ainda e conexo: False
Removendo ponto de articulacao 4633:
Grafo ainda e conexo: False
Removendo ponto de articulacao 3515:
Grafo ainda e conexo: False
Removendo ponto de articulacao 8139:
Grafo ainda e conexo: False
Removendo ponto de articulacao 9642:
Grafo ainda e conexo: False
Removendo ponto de articulacao 1086:
Grafo ainda e conexo: False
Removendo ponto de articulacao 1857:
Grafo ainda e conexo: False
Removendo ponto de articulacao 605:
Grafo ainda e conexo: False
Removendo ponto de articulacao 4184:
Grafo ainda e conexo: False
Removendo ponto de articulacao 1889:
Grafo ainda e conexo: False
Removendo ponto de articulacao 9872:
Grafo ainda e conexo: False
Removendo ponto de articulacao 3938:
Grafo ainda e conexo: False
Removendo ponto de articulacao 3428:
Grafo ainda e conexo: False
Removendo ponto de articulacao 9955:
Grafo ainda e conexo: False
Removendo ponto de articulacao 7213:
Grafo ainda e conexo: False
Removendo ponto de articulacao 3495:
Grafo ainda e conexo: False
Removendo ponto de articulacao 4440:
Grafo ainda e conexo: False
Removendo ponto de articulacao 6262:
Grafo ainda e conexo: False
Removendo ponto de articulacao 6873:
Grafo ainda e conexo: False
Removendo ponto de articulacao 1750:
Grafo ainda e conexo: False
Removendo ponto de articulacao 308:
Grafo ainda e conexo: False
Grafo ainda e conexo apos todas as remocoes: False
Tempo total de execucao: 0.251336 segundos
