Grafo é conexo: True
Pontos de articulação iniciais: [172, 940, 290, 770, 450, 297, 690, 125, 963, 395, 11, 986, 456, 530, 159, 68, 818, 664, 847, 882, 38, 82, 991, 192, 229, 170, 952, 225, 767, 935, 850, 294, 147, 216, 984, 412, 967, 981, 150, 218, 977, 829, 653, 209, 348, 383, 908, 39, 58, 445, 115, 437, 127, 24, 639, 696, 99, 295, 174, 335, 529, 329, 149, 388, 175, 32, 846, 415, 187, 526, 762, 455, 431, 640, 722, 861, 725, 69, 308, 954, 994, 884, 958, 714, 168, 476, 432, 710, 791, 506, 806, 834, 98, 155, 914, 602, 680, 871, 352, 89]

Removendo ponto de articulacao 172:
Grafo ainda e conexo: False
Removendo ponto de articulacao 940:
Grafo ainda e conexo: False
Removendo ponto de articulacao 290:
Grafo ainda e conexo: False
Removendo ponto de articulacao 770:
Grafo ainda e conexo: False
Removendo ponto de articulacao 450:
Grafo ainda e conexo: False
Removendo ponto de articulacao 297:
Grafo ainda e conexo: False
Removendo ponto de articulacao 690:
Grafo ainda e conexo: False
Removendo ponto de articulacao 125:
Grafo ainda e conexo: False
Removendo ponto de articulacao 963:
Grafo ainda e conexo: False
Removendo ponto de articulacao 395:
Grafo ainda e conexo: False
Removendo ponto de articulacao 11:
Grafo ainda e conexo: False
Removendo ponto de articulacao 986:
Grafo ainda e conexo: False
Removendo ponto de articulacao 456:
Grafo ainda e conexo: False
Removendo ponto de articulacao 530:
Grafo ainda e conexo: False
Removendo ponto de articulacao 159:
Grafo ainda e conexo: False
Removendo ponto de articulacao 68:
Grafo ainda e conexo: False
Removendo ponto de articulacao 818:
Grafo ainda e conexo: False
Removendo ponto de articulacao 664:
Grafo ainda e conexo: False
Removendo ponto de articulacao 847:
Grafo ainda e conexo: False
Removendo ponto de articulacao 882:
Grafo ainda e conexo: False
Removendo ponto de articulacao 38:
Grafo ainda e conexo: False
Removendo ponto de articulacao 82:
Grafo ainda e conexo: False
Removendo ponto de articulacao 991:
Grafo ainda e conexo: False
Removendo ponto de articulacao 192:
Grafo ainda e conexo: False
Removendo ponto de articulacao 229:
Grafo ainda e conexo: False
Removendo ponto de articulacao 170:
Grafo ainda e conexo: False
Removendo ponto de articulacao 952:
Grafo ainda e conexo: False
Removendo ponto de articulacao 225:
Grafo ainda e conexo: False
Removendo ponto de articulacao 767:
Grafo ainda e conexo: False
Removendo ponto de articulacao 935:
Grafo ainda e conexo: False
Removendo ponto de articulacao 850:
Grafo ainda e conexo: False
Removendo ponto de articulacao 294:
Grafo ainda e conexo: False
Removendo ponto de articulacao 147:
Grafo ainda e conexo: False
Removendo ponto de articulacao 216:
Grafo ainda e conexo: False
Removendo ponto de articulacao 984:
Grafo ainda e conexo: False
Removendo ponto de articulacao 412:
Grafo ainda e conexo: False
Removendo ponto de articulacao 967:
Grafo ainda e conexo: False
Removendo ponto de articulacao 981:
Grafo ainda e conexo: False
Removendo ponto de articulacao 150:
Grafo ainda e conexo: False
Removendo ponto de articulacao 218:
Grafo ainda e conexo: False
Removendo ponto de articulacao 977:
Grafo ainda e conexo: False
Removendo ponto de articulacao 829:
Grafo ainda e conexo: False
Removendo ponto de articulacao 653:
Grafo ainda e conexo: False
Removendo ponto de articulacao 209:
Grafo ainda e conexo: False
Removendo ponto de articulacao 348:
Grafo ainda e conexo: False
Removendo ponto de articulacao 383:
Grafo ainda e conexo: False
Removendo ponto de articulacao 908:
Grafo ainda e conexo: False
Removendo ponto de articulacao 39:
Grafo ainda e conexo: False
Removendo ponto de articulacao 58:
Grafo ainda e conexo: False
Removendo ponto de articulacao 445:
Grafo ainda e conexo: False
Removendo ponto de articulacao 115:
Grafo ainda e conexo: False
Removendo ponto de articulacao 437:
Grafo ainda e conexo: False
Removendo ponto de articulacao 127:
Grafo ainda e conexo: False
Removendo ponto de articulacao 24:
Grafo ainda e conexo: False
Removendo ponto de articulacao 639:
Grafo ainda e conexo: False
Removendo ponto de articulacao 696:
Grafo ainda e conexo: False
Removendo ponto de articulacao 99:
Grafo ainda e conexo: False
Removendo ponto de articulacao 295:
Grafo ainda e conexo: False
Removendo ponto de articulacao 174:
Grafo ainda e conexo: False
Removendo ponto de articulacao 335:
Grafo ainda e conexo: False
Removendo ponto de articulacao 529:
Grafo ainda e conexo: False
Removendo ponto de articulacao 329:
Grafo ainda e conexo: False
Removendo ponto de articulacao 149:
Grafo ainda e conexo: False
Removendo ponto de articulacao 388:
Grafo ainda e conexo: False
Removendo ponto de articulacao 175:
Grafo ainda e conexo: False
Removendo ponto de articulacao 32:
Grafo ainda e conexo: False
Removendo ponto de articulacao 846:
Grafo ainda e conexo: False
Removendo ponto de articulacao 415:
Grafo ainda e conexo: False
Removendo ponto de articulacao 187:
Grafo ainda e conexo: False
Removendo ponto de articulacao 526:
Grafo ainda e conexo: False
Removendo ponto de articulacao 762:
Grafo ainda e conexo: False
Removendo ponto de articulacao 455:
Grafo ainda e conexo: False
Removendo ponto de articulacao 431:
Grafo ainda e conexo: False
Removendo ponto de articulacao 640:
Grafo ainda e conexo: False
Removendo ponto de articulacao 722:
Grafo ainda e conexo: False
Removendo ponto de articulacao 861:
Grafo ainda e conexo: False
Removendo ponto de articulacao 725:
Grafo ainda e conexo: False
Removendo ponto de articulacao 69:
Grafo ainda e conexo: False
Removendo ponto de articulacao 308:
Grafo ainda e conexo: False
Removendo ponto de articulacao 954:
Grafo ainda e conexo: False
Removendo ponto de articulacao 994:
Grafo ainda e conexo: False
Removendo ponto de articulacao 884:
Grafo ainda e conexo: False
Removendo ponto de articulacao 958:
Grafo ainda e conexo: False
Removendo ponto de articulacao 714:
Grafo ainda e conexo: False
Removendo ponto de articulacao 168:
Grafo ainda e conexo: False
Removendo ponto de articulacao 476:
Grafo ainda e conexo: False
Removendo ponto de articulacao 432:
Grafo ainda e conexo: False
Removendo ponto de articulacao 710:
Grafo ainda e conexo: False
Removendo ponto de articulacao 791:
Grafo ainda e conexo: False
Removendo ponto de articulacao 506:
Grafo ainda e conexo: False
Removendo ponto de articulacao 806:
Grafo ainda e conexo: False
Removendo ponto de articulacao 834:
Grafo ainda e conexo: False
Removendo ponto de articulacao 98:
Grafo ainda e conexo: False
Removendo ponto de articulacao 155:
Grafo ainda e conexo: False
Removendo ponto de articulacao 914:
Grafo ainda e conexo: False
Removendo ponto de articulacao 602:
Grafo ainda e conexo: False
Removendo ponto de articulacao 680:
Grafo ainda e conexo: False
Removendo ponto de articulacao 871:
Grafo ainda e conexo: False
Removendo ponto de articulacao 352:
Grafo ainda e conexo: False
Removendo ponto de articulacao 89:
Grafo ainda e conexo: False
Grafo ainda e conexo apos todas as remocoes: False
Tempo total de execucao: 0.024704 segundos
