Tempo total de execução: 0.004001 segundos

Bloco Biconexo 1: (586, 587)
Possui caminhos disjuntos: True

Bloco Biconexo 2: (587, 588)
Possui caminhos disjuntos: True

Bloco Biconexo 3: (588, 589)
Possui caminhos disjuntos: True

Bloco Biconexo 4: (589, 590)
Possui caminhos disjuntos: True

Bloco Biconexo 5: (590, 591)
Possui caminhos disjuntos: True

Bloco Biconexo 6: (592, 591)
Possui caminhos disjuntos: True

Bloco Biconexo 7: (592, 593)
Possui caminhos disjuntos: True

Bloco Biconexo 8: (593, 594)
Possui caminhos disjuntos: True

Bloco Biconexo 9: (594, 595)
Possui caminhos disjuntos: True

Bloco Biconexo 10: (595, 596)
Possui caminhos disjuntos: True

Bloco Biconexo 11: (596, 597)
Possui caminhos disjuntos: True

Bloco Biconexo 12: (597, 598)
Possui caminhos disjuntos: True

Bloco Biconexo 13: (598, 599)
Possui caminhos disjuntos: True

Bloco Biconexo 14: (366, 367)
Possui caminhos disjuntos: True

Bloco Biconexo 15: (368, 367)
Possui caminhos disjuntos: True

Bloco Biconexo 16: (368, 369)
Possui caminhos disjuntos: True

Bloco Biconexo 17: (369, 370)
Possui caminhos disjuntos: True

Bloco Biconexo 18: (370, 371)
Possui caminhos disjuntos: True

Bloco Biconexo 19: (371, 372)
Possui caminhos disjuntos: True

Bloco Biconexo 20: (32, 33)
Possui caminhos disjuntos: True

Bloco Biconexo 21: (33, 372)
Possui caminhos disjuntos: True

Bloco Biconexo 22: (372, 373)
Possui caminhos disjuntos: True

Bloco Biconexo 23: (270, 271)
Possui caminhos disjuntos: True

Bloco Biconexo 24: (272, 271)
Possui caminhos disjuntos: True

Bloco Biconexo 25: (272, 273)
Possui caminhos disjuntos: True

Bloco Biconexo 26: (273, 274)
Possui caminhos disjuntos: True

Bloco Biconexo 27: (274, 275)
Possui caminhos disjuntos: True

Bloco Biconexo 28: (275, 276)
Possui caminhos disjuntos: True

Bloco Biconexo 29: (276, 277)
Possui caminhos disjuntos: True

Bloco Biconexo 30: (277, 373)
Possui caminhos disjuntos: True

Bloco Biconexo 31: (921, 922)
Possui caminhos disjuntos: True

Bloco Biconexo 32: (922, 923)
Possui caminhos disjuntos: True

Bloco Biconexo 33: (923, 924)
Possui caminhos disjuntos: True

Bloco Biconexo 34: (924, 373)
Possui caminhos disjuntos: True

Bloco Biconexo 35: (373, 374)
Possui caminhos disjuntos: True

Bloco Biconexo 36: (374, 375)
Possui caminhos disjuntos: True

Bloco Biconexo 37: (609, 375)
Possui caminhos disjuntos: True

Bloco Biconexo 38: (877, 878)
Possui caminhos disjuntos: True

Bloco Biconexo 39: (878, 879)
Possui caminhos disjuntos: True

Bloco Biconexo 40: (304, 305)
Possui caminhos disjuntos: True

Bloco Biconexo 41: (305, 306)
Possui caminhos disjuntos: True

Bloco Biconexo 42: (306, 307)
Possui caminhos disjuntos: True

Bloco Biconexo 43: (395, 396)
Possui caminhos disjuntos: True

Bloco Biconexo 44: (396, 397)
Possui caminhos disjuntos: True

Bloco Biconexo 45: (397, 398)
Possui caminhos disjuntos: True

Bloco Biconexo 46: (398, 399)
Possui caminhos disjuntos: True

Bloco Biconexo 47: (400, 399)
Possui caminhos disjuntos: True

Bloco Biconexo 48: (400, 401)
Possui caminhos disjuntos: True

Bloco Biconexo 49: (976, 401)
Possui caminhos disjuntos: True

Bloco Biconexo 50: (401, 402)
Possui caminhos disjuntos: True

Bloco Biconexo 51: (402, 403)
Possui caminhos disjuntos: True

Bloco Biconexo 52: (403, 404)
Possui caminhos disjuntos: True

Bloco Biconexo 53: (404, 405)
Possui caminhos disjuntos: True

Bloco Biconexo 54: (405, 406)
Possui caminhos disjuntos: True

Bloco Biconexo 55: (406, 407)
Possui caminhos disjuntos: True

Bloco Biconexo 56: (408, 407)
Possui caminhos disjuntos: True

Bloco Biconexo 57: (408, 409)
Possui caminhos disjuntos: True

Bloco Biconexo 58: (409, 475)
Possui caminhos disjuntos: True

Bloco Biconexo 59: (475, 476)
Possui caminhos disjuntos: True

Bloco Biconexo 60: (476, 477)
Possui caminhos disjuntos: True

Bloco Biconexo 61: (477, 478)
Possui caminhos disjuntos: True

Bloco Biconexo 62: (478, 479)
Possui caminhos disjuntos: True

Bloco Biconexo 63: (480, 479)
Possui caminhos disjuntos: True

Bloco Biconexo 64: (126, 127)
Possui caminhos disjuntos: True

Bloco Biconexo 65: (128, 127)
Possui caminhos disjuntos: True

Bloco Biconexo 66: (128, 129)
Possui caminhos disjuntos: True

Bloco Biconexo 67: (129, 130)
Possui caminhos disjuntos: True

Bloco Biconexo 68: (36, 37)
Possui caminhos disjuntos: True

Bloco Biconexo 69: (37, 38)
Possui caminhos disjuntos: True

Bloco Biconexo 70: (376, 377)
Possui caminhos disjuntos: True

Bloco Biconexo 71: (377, 378)
Possui caminhos disjuntos: True

Bloco Biconexo 72: (378, 379)
Possui caminhos disjuntos: True

Bloco Biconexo 73: (437, 438)
Possui caminhos disjuntos: True

Bloco Biconexo 74: (34, 35)
Possui caminhos disjuntos: True

Bloco Biconexo 75: (35, 438)
Possui caminhos disjuntos: True

Bloco Biconexo 76: (438, 439)
Possui caminhos disjuntos: True

Bloco Biconexo 77: (440, 439)
Possui caminhos disjuntos: True

Bloco Biconexo 78: (440, 441)
Possui caminhos disjuntos: True

Bloco Biconexo 79: (441, 442)
Possui caminhos disjuntos: True

Bloco Biconexo 80: (442, 443)
Possui caminhos disjuntos: True

Bloco Biconexo 81: (443, 444)
Possui caminhos disjuntos: True

Bloco Biconexo 82: (792, 444)
Possui caminhos disjuntos: True

Bloco Biconexo 83: (444, 445)
Possui caminhos disjuntos: True

Bloco Biconexo 84: (445, 446)
Possui caminhos disjuntos: True

Bloco Biconexo 85: (446, 447)
Possui caminhos disjuntos: True

Bloco Biconexo 86: (448, 447)
Possui caminhos disjuntos: True

Bloco Biconexo 87: (576, 577)
Possui caminhos disjuntos: True

Bloco Biconexo 88: (577, 578)
Possui caminhos disjuntos: True

Bloco Biconexo 89: (578, 579)
Possui caminhos disjuntos: True

Bloco Biconexo 90: (448, 579)
Possui caminhos disjuntos: True

Bloco Biconexo 91: (448, 449)
Possui caminhos disjuntos: True

Bloco Biconexo 92: (449, 379)
Possui caminhos disjuntos: True

Bloco Biconexo 93: (379, 380)
Possui caminhos disjuntos: True

Bloco Biconexo 94: (380, 381)
Possui caminhos disjuntos: True

Bloco Biconexo 95: (381, 38)
Possui caminhos disjuntos: True

Bloco Biconexo 96: (38, 39)
Possui caminhos disjuntos: True

Bloco Biconexo 97: (40, 39)
Possui caminhos disjuntos: True

Bloco Biconexo 98: (40, 41)
Possui caminhos disjuntos: True

Bloco Biconexo 99: (41, 42)
Possui caminhos disjuntos: True

Bloco Biconexo 100: (42, 43)
Possui caminhos disjuntos: True

Bloco Biconexo 101: (694, 695)
Possui caminhos disjuntos: True

Bloco Biconexo 102: (43, 695)
Possui caminhos disjuntos: True

Bloco Biconexo 103: (43, 44)
Possui caminhos disjuntos: True

Bloco Biconexo 104: (44, 45)
Possui caminhos disjuntos: True

Bloco Biconexo 105: (45, 46)
Possui caminhos disjuntos: True

Bloco Biconexo 106: (27, 28)
Possui caminhos disjuntos: True

Bloco Biconexo 107: (28, 29)
Possui caminhos disjuntos: True

Bloco Biconexo 108: (29, 30)
Possui caminhos disjuntos: True

Bloco Biconexo 109: (30, 31)
Possui caminhos disjuntos: True

Bloco Biconexo 110: (46, 31)
Possui caminhos disjuntos: True

Bloco Biconexo 111: (46, 47)
Possui caminhos disjuntos: True

Bloco Biconexo 112: (48, 47)
Possui caminhos disjuntos: True

Bloco Biconexo 113: (48, 49)
Possui caminhos disjuntos: True

Bloco Biconexo 114: (49, 50)
Possui caminhos disjuntos: True

Bloco Biconexo 115: (720, 719)
Possui caminhos disjuntos: True

Bloco Biconexo 116: (720, 721)
Possui caminhos disjuntos: True

Bloco Biconexo 117: (721, 722)
Possui caminhos disjuntos: True

Bloco Biconexo 118: (722, 723)
Possui caminhos disjuntos: True

Bloco Biconexo 119: (50, 723)
Possui caminhos disjuntos: True

Bloco Biconexo 120: (50, 51)
Possui caminhos disjuntos: True

Bloco Biconexo 121: (51, 52)
Possui caminhos disjuntos: True

Bloco Biconexo 122: (643, 644)
Possui caminhos disjuntos: True

Bloco Biconexo 123: (644, 645)
Possui caminhos disjuntos: True

Bloco Biconexo 124: (645, 646)
Possui caminhos disjuntos: True

Bloco Biconexo 125: (646, 647)
Possui caminhos disjuntos: True

Bloco Biconexo 126: (648, 647)
Possui caminhos disjuntos: True

Bloco Biconexo 127: (648, 649)
Possui caminhos disjuntos: True

Bloco Biconexo 128: (649, 650)
Possui caminhos disjuntos: True

Bloco Biconexo 129: (650, 651)
Possui caminhos disjuntos: True

Bloco Biconexo 130: (651, 652)
Possui caminhos disjuntos: True

Bloco Biconexo 131: (652, 653)
Possui caminhos disjuntos: True

Bloco Biconexo 132: (653, 654)
Possui caminhos disjuntos: True

Bloco Biconexo 133: (957, 958)
Possui caminhos disjuntos: True

Bloco Biconexo 134: (958, 654)
Possui caminhos disjuntos: True

Bloco Biconexo 135: (654, 655)
Possui caminhos disjuntos: True

Bloco Biconexo 136: (656, 655)
Possui caminhos disjuntos: True

Bloco Biconexo 137: (656, 657)
Possui caminhos disjuntos: True

Bloco Biconexo 138: (657, 658)
Possui caminhos disjuntos: True

Bloco Biconexo 139: (658, 659)
Possui caminhos disjuntos: True

Bloco Biconexo 140: (659, 660)
Possui caminhos disjuntos: True

Bloco Biconexo 141: (660, 661)
Possui caminhos disjuntos: True

Bloco Biconexo 142: (672, 671)
Possui caminhos disjuntos: True

Bloco Biconexo 143: (672, 673)
Possui caminhos disjuntos: True

Bloco Biconexo 144: (673, 674)
Possui caminhos disjuntos: True

Bloco Biconexo 145: (674, 675)
Possui caminhos disjuntos: True

Bloco Biconexo 146: (675, 676)
Possui caminhos disjuntos: True

Bloco Biconexo 147: (676, 661)
Possui caminhos disjuntos: True

Bloco Biconexo 148: (661, 662)
Possui caminhos disjuntos: True

Bloco Biconexo 149: (662, 663)
Possui caminhos disjuntos: True

Bloco Biconexo 150: (664, 663)
Possui caminhos disjuntos: True

Bloco Biconexo 151: (664, 665)
Possui caminhos disjuntos: True

Bloco Biconexo 152: (665, 666)
Possui caminhos disjuntos: True

Bloco Biconexo 153: (666, 667)
Possui caminhos disjuntos: True

Bloco Biconexo 154: (667, 668)
Possui caminhos disjuntos: True

Bloco Biconexo 155: (668, 669)
Possui caminhos disjuntos: True

Bloco Biconexo 156: (669, 670)
Possui caminhos disjuntos: True

Bloco Biconexo 157: (52, 670)
Possui caminhos disjuntos: True

Bloco Biconexo 158: (52, 53)
Possui caminhos disjuntos: True

Bloco Biconexo 159: (53, 54)
Possui caminhos disjuntos: True

Bloco Biconexo 160: (54, 55)
Possui caminhos disjuntos: True

Bloco Biconexo 161: (56, 55)
Possui caminhos disjuntos: True

Bloco Biconexo 162: (56, 57)
Possui caminhos disjuntos: True

Bloco Biconexo 163: (57, 58)
Possui caminhos disjuntos: True

Bloco Biconexo 164: (58, 59)
Possui caminhos disjuntos: True

Bloco Biconexo 165: (59, 60)
Possui caminhos disjuntos: True

Bloco Biconexo 166: (826, 827)
Possui caminhos disjuntos: True

Bloco Biconexo 167: (827, 828)
Possui caminhos disjuntos: True

Bloco Biconexo 168: (828, 829)
Possui caminhos disjuntos: True

Bloco Biconexo 169: (60, 829)
Possui caminhos disjuntos: True

Bloco Biconexo 170: (60, 61)
Possui caminhos disjuntos: True

Bloco Biconexo 171: (61, 62)
Possui caminhos disjuntos: True

Bloco Biconexo 172: (62, 63)
Possui caminhos disjuntos: True

Bloco Biconexo 173: (64, 63)
Possui caminhos disjuntos: True

Bloco Biconexo 174: (64, 65)
Possui caminhos disjuntos: True

Bloco Biconexo 175: (65, 130)
Possui caminhos disjuntos: True

Bloco Biconexo 176: (130, 131)
Possui caminhos disjuntos: True

Bloco Biconexo 177: (131, 132)
Possui caminhos disjuntos: True

Bloco Biconexo 178: (132, 133)
Possui caminhos disjuntos: True

Bloco Biconexo 179: (133, 134)
Possui caminhos disjuntos: True

Bloco Biconexo 180: (134, 135)
Possui caminhos disjuntos: True

Bloco Biconexo 181: (482, 135)
Possui caminhos disjuntos: True

Bloco Biconexo 182: (612, 613)
Possui caminhos disjuntos: True

Bloco Biconexo 183: (613, 622)
Possui caminhos disjuntos: True

Bloco Biconexo 184: (613, 614)
Possui caminhos disjuntos: True

Bloco Biconexo 185: (614, 615)
Possui caminhos disjuntos: True

Bloco Biconexo 186: (616, 615)
Possui caminhos disjuntos: True

Bloco Biconexo 187: (616, 617)
Possui caminhos disjuntos: True

Bloco Biconexo 188: (617, 618)
Possui caminhos disjuntos: True

Bloco Biconexo 189: (505, 618)
Possui caminhos disjuntos: True

Bloco Biconexo 190: (512, 513, 514, 515, 516, 517, 480, 481, 482, 483, 484, 485, 486, 487, 488, 489, 490, 491, 492, 493, 494, 495, 496, 497, 498, 499, 500, 501, 502, 503, 504, 505, 506, 507, 508, 509, 510, 511)
Possui caminhos disjuntos: True

Bloco Biconexo 191: (513, 331)
Possui caminhos disjuntos: True

Bloco Biconexo 192: (330, 331)
Possui caminhos disjuntos: True

Bloco Biconexo 193: (329, 330)
Possui caminhos disjuntos: True

Bloco Biconexo 194: (700, 701)
Possui caminhos disjuntos: True

Bloco Biconexo 195: (701, 702)
Possui caminhos disjuntos: True

Bloco Biconexo 196: (702, 703)
Possui caminhos disjuntos: True

Bloco Biconexo 197: (704, 703)
Possui caminhos disjuntos: True

Bloco Biconexo 198: (704, 329)
Possui caminhos disjuntos: True

Bloco Biconexo 199: (328, 329)
Possui caminhos disjuntos: True

Bloco Biconexo 200: (328, 327)
Possui caminhos disjuntos: True

Bloco Biconexo 201: (326, 327)
Possui caminhos disjuntos: True

Bloco Biconexo 202: (325, 326)
Possui caminhos disjuntos: True

Bloco Biconexo 203: (324, 325)
Possui caminhos disjuntos: True

Bloco Biconexo 204: (323, 324)
Possui caminhos disjuntos: True

Bloco Biconexo 205: (322, 323)
Possui caminhos disjuntos: True

Bloco Biconexo 206: (321, 322)
Possui caminhos disjuntos: True

Bloco Biconexo 207: (320, 321)
Possui caminhos disjuntos: True

Bloco Biconexo 208: (320, 319)
Possui caminhos disjuntos: True

Bloco Biconexo 209: (318, 319)
Possui caminhos disjuntos: True

Bloco Biconexo 210: (317, 318)
Possui caminhos disjuntos: True

Bloco Biconexo 211: (316, 317)
Possui caminhos disjuntos: True

Bloco Biconexo 212: (315, 316)
Possui caminhos disjuntos: True

Bloco Biconexo 213: (314, 315)
Possui caminhos disjuntos: True

Bloco Biconexo 214: (337, 338)
Possui caminhos disjuntos: True

Bloco Biconexo 215: (314, 338)
Possui caminhos disjuntos: True

Bloco Biconexo 216: (313, 314)
Possui caminhos disjuntos: True

Bloco Biconexo 217: (312, 313)
Possui caminhos disjuntos: True

Bloco Biconexo 218: (312, 311)
Possui caminhos disjuntos: True

Bloco Biconexo 219: (310, 311)
Possui caminhos disjuntos: True

Bloco Biconexo 220: (309, 310)
Possui caminhos disjuntos: True

Bloco Biconexo 221: (308, 309)
Possui caminhos disjuntos: True

Bloco Biconexo 222: (307, 308)
Possui caminhos disjuntos: True

Bloco Biconexo 223: (307, 883)
Possui caminhos disjuntos: True

Bloco Biconexo 224: (882, 883)
Possui caminhos disjuntos: True

Bloco Biconexo 225: (881, 882)
Possui caminhos disjuntos: True

Bloco Biconexo 226: (880, 881)
Possui caminhos disjuntos: True

Bloco Biconexo 227: (880, 879)
Possui caminhos disjuntos: True

Bloco Biconexo 228: (609, 879)
Possui caminhos disjuntos: True

Bloco Biconexo 229: (608, 609)
Possui caminhos disjuntos: True

Bloco Biconexo 230: (608, 607)
Possui caminhos disjuntos: True

Bloco Biconexo 231: (606, 607)
Possui caminhos disjuntos: True

Bloco Biconexo 232: (605, 606)
Possui caminhos disjuntos: True

Bloco Biconexo 233: (604, 605)
Possui caminhos disjuntos: True

Bloco Biconexo 234: (603, 604)
Possui caminhos disjuntos: True

Bloco Biconexo 235: (602, 603)
Possui caminhos disjuntos: True

Bloco Biconexo 236: (297, 298)
Possui caminhos disjuntos: True

Bloco Biconexo 237: (298, 299)
Possui caminhos disjuntos: True

Bloco Biconexo 238: (299, 300)
Possui caminhos disjuntos: True

Bloco Biconexo 239: (300, 301)
Possui caminhos disjuntos: True

Bloco Biconexo 240: (301, 302)
Possui caminhos disjuntos: True

Bloco Biconexo 241: (302, 303)
Possui caminhos disjuntos: True

Bloco Biconexo 242: (382, 383)
Possui caminhos disjuntos: True

Bloco Biconexo 243: (384, 383)
Possui caminhos disjuntos: True

Bloco Biconexo 244: (547, 548)
Possui caminhos disjuntos: True

Bloco Biconexo 245: (548, 549)
Possui caminhos disjuntos: True

Bloco Biconexo 246: (549, 550)
Possui caminhos disjuntos: True

Bloco Biconexo 247: (384, 550)
Possui caminhos disjuntos: True

Bloco Biconexo 248: (384, 385)
Possui caminhos disjuntos: True

Bloco Biconexo 249: (385, 386)
Possui caminhos disjuntos: True

Bloco Biconexo 250: (386, 387)
Possui caminhos disjuntos: True

Bloco Biconexo 251: (227, 228)
Possui caminhos disjuntos: True

Bloco Biconexo 252: (228, 229)
Possui caminhos disjuntos: True

Bloco Biconexo 253: (229, 230)
Possui caminhos disjuntos: True

Bloco Biconexo 254: (230, 231)
Possui caminhos disjuntos: True

Bloco Biconexo 255: (387, 231)
Possui caminhos disjuntos: True

Bloco Biconexo 256: (387, 388)
Possui caminhos disjuntos: True

Bloco Biconexo 257: (388, 389)
Possui caminhos disjuntos: True

Bloco Biconexo 258: (389, 303)
Possui caminhos disjuntos: True

Bloco Biconexo 259: (602, 303)
Possui caminhos disjuntos: True

Bloco Biconexo 260: (601, 602)
Possui caminhos disjuntos: True

Bloco Biconexo 261: (600, 601)
Possui caminhos disjuntos: True

Bloco Biconexo 262: (600, 599)
Possui caminhos disjuntos: True

Bloco Biconexo 263: (13, 599)
Possui caminhos disjuntos: True

Bloco Biconexo 264: (12, 13)
Possui caminhos disjuntos: True

Bloco Biconexo 265: (11, 12)
Possui caminhos disjuntos: True

Bloco Biconexo 266: (10, 11)
Possui caminhos disjuntos: True

Bloco Biconexo 267: (9, 10)
Possui caminhos disjuntos: True

Bloco Biconexo 268: (8, 9)
Possui caminhos disjuntos: True

Bloco Biconexo 269: (8, 7)
Possui caminhos disjuntos: True

Bloco Biconexo 270: (553, 554)
Possui caminhos disjuntos: True

Bloco Biconexo 271: (754, 755)
Possui caminhos disjuntos: True

Bloco Biconexo 272: (755, 756)
Possui caminhos disjuntos: True

Bloco Biconexo 273: (756, 757)
Possui caminhos disjuntos: True

Bloco Biconexo 274: (757, 758)
Possui caminhos disjuntos: True

Bloco Biconexo 275: (758, 759)
Possui caminhos disjuntos: True

Bloco Biconexo 276: (760, 759)
Possui caminhos disjuntos: True

Bloco Biconexo 277: (760, 761)
Possui caminhos disjuntos: True

Bloco Biconexo 278: (761, 762)
Possui caminhos disjuntos: True

Bloco Biconexo 279: (762, 763)
Possui caminhos disjuntos: True

Bloco Biconexo 280: (763, 764)
Possui caminhos disjuntos: True

Bloco Biconexo 281: (764, 765)
Possui caminhos disjuntos: True

Bloco Biconexo 282: (765, 766)
Possui caminhos disjuntos: True

Bloco Biconexo 283: (766, 767)
Possui caminhos disjuntos: True

Bloco Biconexo 284: (768, 767)
Possui caminhos disjuntos: True

Bloco Biconexo 285: (768, 769)
Possui caminhos disjuntos: True

Bloco Biconexo 286: (769, 770)
Possui caminhos disjuntos: True

Bloco Biconexo 287: (770, 20)
Possui caminhos disjuntos: True

Bloco Biconexo 288: (770, 771)
Possui caminhos disjuntos: True

Bloco Biconexo 289: (771, 772)
Possui caminhos disjuntos: True

Bloco Biconexo 290: (772, 773)
Possui caminhos disjuntos: True

Bloco Biconexo 291: (336, 773)
Possui caminhos disjuntos: True

Bloco Biconexo 292: (773, 774)
Possui caminhos disjuntos: True

Bloco Biconexo 293: (774, 775)
Possui caminhos disjuntos: True

Bloco Biconexo 294: (776, 775)
Possui caminhos disjuntos: True

Bloco Biconexo 295: (776, 777)
Possui caminhos disjuntos: True

Bloco Biconexo 296: (777, 778)
Possui caminhos disjuntos: True

Bloco Biconexo 297: (778, 779)
Possui caminhos disjuntos: True

Bloco Biconexo 298: (960, 959)
Possui caminhos disjuntos: True

Bloco Biconexo 299: (960, 961)
Possui caminhos disjuntos: True

Bloco Biconexo 300: (961, 962)
Possui caminhos disjuntos: True

Bloco Biconexo 301: (962, 963)
Possui caminhos disjuntos: True

Bloco Biconexo 302: (963, 964)
Possui caminhos disjuntos: True

Bloco Biconexo 303: (964, 965)
Possui caminhos disjuntos: True

Bloco Biconexo 304: (965, 966)
Possui caminhos disjuntos: True

Bloco Biconexo 305: (966, 967)
Possui caminhos disjuntos: True

Bloco Biconexo 306: (968, 967)
Possui caminhos disjuntos: True

Bloco Biconexo 307: (968, 969)
Possui caminhos disjuntos: True

Bloco Biconexo 308: (969, 970)
Possui caminhos disjuntos: True

Bloco Biconexo 309: (970, 971)
Possui caminhos disjuntos: True

Bloco Biconexo 310: (971, 972)
Possui caminhos disjuntos: True

Bloco Biconexo 311: (972, 973)
Possui caminhos disjuntos: True

Bloco Biconexo 312: (973, 974)
Possui caminhos disjuntos: True

Bloco Biconexo 313: (974, 975)
Possui caminhos disjuntos: True

Bloco Biconexo 314: (779, 975)
Possui caminhos disjuntos: True

Bloco Biconexo 315: (779, 780)
Possui caminhos disjuntos: True

Bloco Biconexo 316: (780, 781)
Possui caminhos disjuntos: True

Bloco Biconexo 317: (781, 782)
Possui caminhos disjuntos: True

Bloco Biconexo 318: (173, 174)
Possui caminhos disjuntos: True

Bloco Biconexo 319: (174, 175)
Possui caminhos disjuntos: True

Bloco Biconexo 320: (176, 175)
Possui caminhos disjuntos: True

Bloco Biconexo 321: (176, 177)
Possui caminhos disjuntos: True

Bloco Biconexo 322: (177, 178)
Possui caminhos disjuntos: True

Bloco Biconexo 323: (634, 635)
Possui caminhos disjuntos: True

Bloco Biconexo 324: (635, 636)
Possui caminhos disjuntos: True

Bloco Biconexo 325: (636, 637)
Possui caminhos disjuntos: True

Bloco Biconexo 326: (637, 638)
Possui caminhos disjuntos: True

Bloco Biconexo 327: (638, 639)
Possui caminhos disjuntos: True

Bloco Biconexo 328: (640, 639)
Possui caminhos disjuntos: True

Bloco Biconexo 329: (640, 641)
Possui caminhos disjuntos: True

Bloco Biconexo 330: (136, 137)
Possui caminhos disjuntos: True

Bloco Biconexo 331: (137, 138)
Possui caminhos disjuntos: True

Bloco Biconexo 332: (350, 351)
Possui caminhos disjuntos: True

Bloco Biconexo 333: (352, 351)
Possui caminhos disjuntos: True

Bloco Biconexo 334: (352, 585)
Possui caminhos disjuntos: True

Bloco Biconexo 335: (352, 353)
Possui caminhos disjuntos: True

Bloco Biconexo 336: (353, 354)
Possui caminhos disjuntos: True

Bloco Biconexo 337: (278, 279)
Possui caminhos disjuntos: True

Bloco Biconexo 338: (280, 279)
Possui caminhos disjuntos: True

Bloco Biconexo 339: (108, 109)
Possui caminhos disjuntos: True

Bloco Biconexo 340: (865, 866)
Possui caminhos disjuntos: True

Bloco Biconexo 341: (866, 867)
Possui caminhos disjuntos: True

Bloco Biconexo 342: (867, 868)
Possui caminhos disjuntos: True

Bloco Biconexo 343: (267, 268)
Possui caminhos disjuntos: True

Bloco Biconexo 344: (268, 269)
Possui caminhos disjuntos: True

Bloco Biconexo 345: (868, 269)
Possui caminhos disjuntos: True

Bloco Biconexo 346: (868, 869)
Possui caminhos disjuntos: True

Bloco Biconexo 347: (869, 870)
Possui caminhos disjuntos: True

Bloco Biconexo 348: (109, 870)
Possui caminhos disjuntos: True

Bloco Biconexo 349: (109, 110)
Possui caminhos disjuntos: True

Bloco Biconexo 350: (110, 111)
Possui caminhos disjuntos: True

Bloco Biconexo 351: (830, 831)
Possui caminhos disjuntos: True

Bloco Biconexo 352: (832, 831)
Possui caminhos disjuntos: True

Bloco Biconexo 353: (832, 833)
Possui caminhos disjuntos: True

Bloco Biconexo 354: (833, 834)
Possui caminhos disjuntos: True

Bloco Biconexo 355: (834, 835)
Possui caminhos disjuntos: True

Bloco Biconexo 356: (835, 836)
Possui caminhos disjuntos: True

Bloco Biconexo 357: (836, 837)
Possui caminhos disjuntos: True

Bloco Biconexo 358: (837, 838)
Possui caminhos disjuntos: True

Bloco Biconexo 359: (838, 839)
Possui caminhos disjuntos: True

Bloco Biconexo 360: (840, 839)
Possui caminhos disjuntos: True

Bloco Biconexo 361: (840, 841)
Possui caminhos disjuntos: True

Bloco Biconexo 362: (841, 842)
Possui caminhos disjuntos: True

Bloco Biconexo 363: (842, 843)
Possui caminhos disjuntos: True

Bloco Biconexo 364: (843, 844)
Possui caminhos disjuntos: True

Bloco Biconexo 365: (844, 845)
Possui caminhos disjuntos: True

Bloco Biconexo 366: (845, 846)
Possui caminhos disjuntos: True

Bloco Biconexo 367: (846, 847)
Possui caminhos disjuntos: True

Bloco Biconexo 368: (552, 551)
Possui caminhos disjuntos: True

Bloco Biconexo 369: (552, 847)
Possui caminhos disjuntos: True

Bloco Biconexo 370: (848, 847)
Possui caminhos disjuntos: True

Bloco Biconexo 371: (848, 849)
Possui caminhos disjuntos: True

Bloco Biconexo 372: (849, 850)
Possui caminhos disjuntos: True

Bloco Biconexo 373: (850, 851)
Possui caminhos disjuntos: True

Bloco Biconexo 374: (851, 852)
Possui caminhos disjuntos: True

Bloco Biconexo 375: (852, 853)
Possui caminhos disjuntos: True

Bloco Biconexo 376: (853, 854)
Possui caminhos disjuntos: True

Bloco Biconexo 377: (854, 855)
Possui caminhos disjuntos: True

Bloco Biconexo 378: (856, 855)
Possui caminhos disjuntos: True

Bloco Biconexo 379: (856, 111)
Possui caminhos disjuntos: True

Bloco Biconexo 380: (112, 111)
Possui caminhos disjuntos: True

Bloco Biconexo 381: (112, 113)
Possui caminhos disjuntos: True

Bloco Biconexo 382: (240, 241)
Possui caminhos disjuntos: True

Bloco Biconexo 383: (113, 241)
Possui caminhos disjuntos: True

Bloco Biconexo 384: (113, 114)
Possui caminhos disjuntos: True

Bloco Biconexo 385: (114, 115)
Possui caminhos disjuntos: True

Bloco Biconexo 386: (115, 116)
Possui caminhos disjuntos: True

Bloco Biconexo 387: (116, 117)
Possui caminhos disjuntos: True

Bloco Biconexo 388: (117, 118)
Possui caminhos disjuntos: True

Bloco Biconexo 389: (118, 119)
Possui caminhos disjuntos: True

Bloco Biconexo 390: (120, 119)
Possui caminhos disjuntos: True

Bloco Biconexo 391: (120, 121)
Possui caminhos disjuntos: True

Bloco Biconexo 392: (121, 122)
Possui caminhos disjuntos: True

Bloco Biconexo 393: (122, 123)
Possui caminhos disjuntos: True

Bloco Biconexo 394: (280, 123)
Possui caminhos disjuntos: True

Bloco Biconexo 395: (890, 891)
Possui caminhos disjuntos: True

Bloco Biconexo 396: (891, 892)
Possui caminhos disjuntos: True

Bloco Biconexo 397: (892, 893)
Possui caminhos disjuntos: True

Bloco Biconexo 398: (893, 894)
Possui caminhos disjuntos: True

Bloco Biconexo 399: (894, 895)
Possui caminhos disjuntos: True

Bloco Biconexo 400: (793, 794)
Possui caminhos disjuntos: True

Bloco Biconexo 401: (794, 795)
Possui caminhos disjuntos: True

Bloco Biconexo 402: (795, 796)
Possui caminhos disjuntos: True

Bloco Biconexo 403: (796, 797)
Possui caminhos disjuntos: True

Bloco Biconexo 404: (797, 798)
Possui caminhos disjuntos: True

Bloco Biconexo 405: (798, 799)
Possui caminhos disjuntos: True

Bloco Biconexo 406: (800, 799)
Possui caminhos disjuntos: True

Bloco Biconexo 407: (800, 801)
Possui caminhos disjuntos: True

Bloco Biconexo 408: (801, 802)
Possui caminhos disjuntos: True

Bloco Biconexo 409: (802, 803)
Possui caminhos disjuntos: True

Bloco Biconexo 410: (803, 804)
Possui caminhos disjuntos: True

Bloco Biconexo 411: (804, 805)
Possui caminhos disjuntos: True

Bloco Biconexo 412: (805, 806)
Possui caminhos disjuntos: True

Bloco Biconexo 413: (806, 807)
Possui caminhos disjuntos: True

Bloco Biconexo 414: (808, 807)
Possui caminhos disjuntos: True

Bloco Biconexo 415: (808, 895)
Possui caminhos disjuntos: True

Bloco Biconexo 416: (896, 895)
Possui caminhos disjuntos: True

Bloco Biconexo 417: (896, 897)
Possui caminhos disjuntos: True

Bloco Biconexo 418: (897, 898)
Possui caminhos disjuntos: True

Bloco Biconexo 419: (898, 899)
Possui caminhos disjuntos: True

Bloco Biconexo 420: (899, 900)
Possui caminhos disjuntos: True

Bloco Biconexo 421: (204, 205)
Possui caminhos disjuntos: True

Bloco Biconexo 422: (205, 206)
Possui caminhos disjuntos: True

Bloco Biconexo 423: (206, 207)
Possui caminhos disjuntos: True

Bloco Biconexo 424: (124, 125)
Possui caminhos disjuntos: True

Bloco Biconexo 425: (580, 125)
Possui caminhos disjuntos: True

Bloco Biconexo 426: (580, 581)
Possui caminhos disjuntos: True

Bloco Biconexo 427: (581, 582)
Possui caminhos disjuntos: True

Bloco Biconexo 428: (582, 583)
Possui caminhos disjuntos: True

Bloco Biconexo 429: (584, 583)
Possui caminhos disjuntos: True

Bloco Biconexo 430: (916, 917)
Possui caminhos disjuntos: True

Bloco Biconexo 431: (917, 918)
Possui caminhos disjuntos: True

Bloco Biconexo 432: (918, 919)
Possui caminhos disjuntos: True

Bloco Biconexo 433: (920, 919)
Possui caminhos disjuntos: True

Bloco Biconexo 434: (920, 693)
Possui caminhos disjuntos: True

Bloco Biconexo 435: (584, 920)
Possui caminhos disjuntos: True

Bloco Biconexo 436: (584, 207)
Possui caminhos disjuntos: True

Bloco Biconexo 437: (208, 207)
Possui caminhos disjuntos: True

Bloco Biconexo 438: (450, 451)
Possui caminhos disjuntos: True

Bloco Biconexo 439: (451, 452)
Possui caminhos disjuntos: True

Bloco Biconexo 440: (452, 453)
Possui caminhos disjuntos: True

Bloco Biconexo 441: (453, 454)
Possui caminhos disjuntos: True

Bloco Biconexo 442: (454, 455)
Possui caminhos disjuntos: True

Bloco Biconexo 443: (456, 455)
Possui caminhos disjuntos: True

Bloco Biconexo 444: (456, 457)
Possui caminhos disjuntos: True

Bloco Biconexo 445: (457, 458)
Possui caminhos disjuntos: True

Bloco Biconexo 446: (458, 459)
Possui caminhos disjuntos: True

Bloco Biconexo 447: (459, 460)
Possui caminhos disjuntos: True

Bloco Biconexo 448: (809, 810)
Possui caminhos disjuntos: True

Bloco Biconexo 449: (810, 811)
Possui caminhos disjuntos: True

Bloco Biconexo 450: (811, 812)
Possui caminhos disjuntos: True

Bloco Biconexo 451: (812, 813)
Possui caminhos disjuntos: True

Bloco Biconexo 452: (813, 814)
Possui caminhos disjuntos: True

Bloco Biconexo 453: (814, 815)
Possui caminhos disjuntos: True

Bloco Biconexo 454: (816, 815)
Possui caminhos disjuntos: True

Bloco Biconexo 455: (816, 817)
Possui caminhos disjuntos: True

Bloco Biconexo 456: (817, 818)
Possui caminhos disjuntos: True

Bloco Biconexo 457: (818, 819)
Possui caminhos disjuntos: True

Bloco Biconexo 458: (819, 820)
Possui caminhos disjuntos: True

Bloco Biconexo 459: (820, 821)
Possui caminhos disjuntos: True

Bloco Biconexo 460: (696, 697)
Possui caminhos disjuntos: True

Bloco Biconexo 461: (697, 698)
Possui caminhos disjuntos: True

Bloco Biconexo 462: (698, 699)
Possui caminhos disjuntos: True

Bloco Biconexo 463: (699, 821)
Possui caminhos disjuntos: True

Bloco Biconexo 464: (789, 790)
Possui caminhos disjuntos: True

Bloco Biconexo 465: (790, 791)
Possui caminhos disjuntos: True

Bloco Biconexo 466: (821, 791)
Possui caminhos disjuntos: True

Bloco Biconexo 467: (821, 822)
Possui caminhos disjuntos: True

Bloco Biconexo 468: (822, 823)
Possui caminhos disjuntos: True

Bloco Biconexo 469: (824, 823)
Possui caminhos disjuntos: True

Bloco Biconexo 470: (824, 825)
Possui caminhos disjuntos: True

Bloco Biconexo 471: (825, 531)
Possui caminhos disjuntos: True

Bloco Biconexo 472: (531, 532)
Possui caminhos disjuntos: True

Bloco Biconexo 473: (532, 533)
Possui caminhos disjuntos: True

Bloco Biconexo 474: (533, 534)
Possui caminhos disjuntos: True

Bloco Biconexo 475: (534, 535)
Possui caminhos disjuntos: True

Bloco Biconexo 476: (536, 535)
Possui caminhos disjuntos: True

Bloco Biconexo 477: (536, 537)
Possui caminhos disjuntos: True

Bloco Biconexo 478: (537, 538)
Possui caminhos disjuntos: True

Bloco Biconexo 479: (538, 539)
Possui caminhos disjuntos: True

Bloco Biconexo 480: (539, 540)
Possui caminhos disjuntos: True

Bloco Biconexo 481: (540, 541)
Possui caminhos disjuntos: True

Bloco Biconexo 482: (541, 542)
Possui caminhos disjuntos: True

Bloco Biconexo 483: (542, 543)
Possui caminhos disjuntos: True

Bloco Biconexo 484: (544, 543)
Possui caminhos disjuntos: True

Bloco Biconexo 485: (544, 545)
Possui caminhos disjuntos: True

Bloco Biconexo 486: (545, 546)
Possui caminhos disjuntos: True

Bloco Biconexo 487: (546, 460)
Possui caminhos disjuntos: True

Bloco Biconexo 488: (460, 461)
Possui caminhos disjuntos: True

Bloco Biconexo 489: (461, 462)
Possui caminhos disjuntos: True

Bloco Biconexo 490: (462, 463)
Possui caminhos disjuntos: True

Bloco Biconexo 491: (464, 463)
Possui caminhos disjuntos: True

Bloco Biconexo 492: (464, 465)
Possui caminhos disjuntos: True

Bloco Biconexo 493: (465, 466)
Possui caminhos disjuntos: True

Bloco Biconexo 494: (466, 467)
Possui caminhos disjuntos: True

Bloco Biconexo 495: (467, 468)
Possui caminhos disjuntos: True

Bloco Biconexo 496: (468, 469)
Possui caminhos disjuntos: True

Bloco Biconexo 497: (469, 470)
Possui caminhos disjuntos: True

Bloco Biconexo 498: (470, 471)
Possui caminhos disjuntos: True

Bloco Biconexo 499: (472, 471)
Possui caminhos disjuntos: True

Bloco Biconexo 500: (472, 473)
Possui caminhos disjuntos: True

Bloco Biconexo 501: (473, 474)
Possui caminhos disjuntos: True

Bloco Biconexo 502: (208, 474)
Possui caminhos disjuntos: True

Bloco Biconexo 503: (208, 209)
Possui caminhos disjuntos: True

Bloco Biconexo 504: (209, 210)
Possui caminhos disjuntos: True

Bloco Biconexo 505: (624, 623)
Possui caminhos disjuntos: True

Bloco Biconexo 506: (624, 625)
Possui caminhos disjuntos: True

Bloco Biconexo 507: (625, 626)
Possui caminhos disjuntos: True

Bloco Biconexo 508: (626, 627)
Possui caminhos disjuntos: True

Bloco Biconexo 509: (627, 628)
Possui caminhos disjuntos: True

Bloco Biconexo 510: (628, 629)
Possui caminhos disjuntos: True

Bloco Biconexo 511: (629, 630)
Possui caminhos disjuntos: True

Bloco Biconexo 512: (630, 631)
Possui caminhos disjuntos: True

Bloco Biconexo 513: (632, 631)
Possui caminhos disjuntos: True

Bloco Biconexo 514: (632, 633)
Possui caminhos disjuntos: True

Bloco Biconexo 515: (633, 871)
Possui caminhos disjuntos: True

Bloco Biconexo 516: (872, 871)
Possui caminhos disjuntos: True

Bloco Biconexo 517: (872, 873)
Possui caminhos disjuntos: True

Bloco Biconexo 518: (873, 874)
Possui caminhos disjuntos: True

Bloco Biconexo 519: (874, 875)
Possui caminhos disjuntos: True

Bloco Biconexo 520: (724, 725)
Possui caminhos disjuntos: True

Bloco Biconexo 521: (725, 726)
Possui caminhos disjuntos: True

Bloco Biconexo 522: (726, 727)
Possui caminhos disjuntos: True

Bloco Biconexo 523: (728, 727)
Possui caminhos disjuntos: True

Bloco Biconexo 524: (728, 729)
Possui caminhos disjuntos: True

Bloco Biconexo 525: (729, 730)
Possui caminhos disjuntos: True

Bloco Biconexo 526: (730, 731)
Possui caminhos disjuntos: True

Bloco Biconexo 527: (731, 732)
Possui caminhos disjuntos: True

Bloco Biconexo 528: (732, 733)
Possui caminhos disjuntos: True

Bloco Biconexo 529: (733, 734)
Possui caminhos disjuntos: True

Bloco Biconexo 530: (734, 735)
Possui caminhos disjuntos: True

Bloco Biconexo 531: (736, 735)
Possui caminhos disjuntos: True

Bloco Biconexo 532: (736, 737)
Possui caminhos disjuntos: True

Bloco Biconexo 533: (737, 738)
Possui caminhos disjuntos: True

Bloco Biconexo 534: (738, 739)
Possui caminhos disjuntos: True

Bloco Biconexo 535: (739, 740)
Possui caminhos disjuntos: True

Bloco Biconexo 536: (740, 741)
Possui caminhos disjuntos: True

Bloco Biconexo 537: (741, 742)
Possui caminhos disjuntos: True

Bloco Biconexo 538: (742, 743)
Possui caminhos disjuntos: True

Bloco Biconexo 539: (744, 743)
Possui caminhos disjuntos: True

Bloco Biconexo 540: (744, 745)
Possui caminhos disjuntos: True

Bloco Biconexo 541: (745, 746)
Possui caminhos disjuntos: True

Bloco Biconexo 542: (746, 875)
Possui caminhos disjuntos: True

Bloco Biconexo 543: (875, 876)
Possui caminhos disjuntos: True

Bloco Biconexo 544: (747, 748)
Possui caminhos disjuntos: True

Bloco Biconexo 545: (748, 749)
Possui caminhos disjuntos: True

Bloco Biconexo 546: (749, 750)
Possui caminhos disjuntos: True

Bloco Biconexo 547: (750, 751)
Possui caminhos disjuntos: True

Bloco Biconexo 548: (752, 751)
Possui caminhos disjuntos: True

Bloco Biconexo 549: (752, 753)
Possui caminhos disjuntos: True

Bloco Biconexo 550: (753, 876)
Possui caminhos disjuntos: True

Bloco Biconexo 551: (210, 876)
Possui caminhos disjuntos: True

Bloco Biconexo 552: (210, 211)
Possui caminhos disjuntos: True

Bloco Biconexo 553: (211, 212)
Possui caminhos disjuntos: True

Bloco Biconexo 554: (212, 213)
Possui caminhos disjuntos: True

Bloco Biconexo 555: (213, 214)
Possui caminhos disjuntos: True

Bloco Biconexo 556: (214, 215)
Possui caminhos disjuntos: True

Bloco Biconexo 557: (216, 215)
Possui caminhos disjuntos: True

Bloco Biconexo 558: (216, 217)
Possui caminhos disjuntos: True

Bloco Biconexo 559: (217, 218)
Possui caminhos disjuntos: True

Bloco Biconexo 560: (218, 219)
Possui caminhos disjuntos: True

Bloco Biconexo 561: (219, 220)
Possui caminhos disjuntos: True

Bloco Biconexo 562: (570, 571)
Possui caminhos disjuntos: True

Bloco Biconexo 563: (571, 572)
Possui caminhos disjuntos: True

Bloco Biconexo 564: (572, 573)
Possui caminhos disjuntos: True

Bloco Biconexo 565: (573, 574)
Possui caminhos disjuntos: True

Bloco Biconexo 566: (574, 575)
Possui caminhos disjuntos: True

Bloco Biconexo 567: (220, 575)
Possui caminhos disjuntos: True

Bloco Biconexo 568: (220, 221)
Possui caminhos disjuntos: True

Bloco Biconexo 569: (221, 222)
Possui caminhos disjuntos: True

Bloco Biconexo 570: (222, 223)
Possui caminhos disjuntos: True

Bloco Biconexo 571: (224, 223)
Possui caminhos disjuntos: True

Bloco Biconexo 572: (224, 900)
Possui caminhos disjuntos: True

Bloco Biconexo 573: (900, 901)
Possui caminhos disjuntos: True

Bloco Biconexo 574: (901, 902)
Possui caminhos disjuntos: True

Bloco Biconexo 575: (902, 903)
Possui caminhos disjuntos: True

Bloco Biconexo 576: (904, 903)
Possui caminhos disjuntos: True

Bloco Biconexo 577: (904, 905)
Possui caminhos disjuntos: True

Bloco Biconexo 578: (905, 906)
Possui caminhos disjuntos: True

Bloco Biconexo 579: (906, 907)
Possui caminhos disjuntos: True

Bloco Biconexo 580: (907, 908)
Possui caminhos disjuntos: True

Bloco Biconexo 581: (908, 909)
Possui caminhos disjuntos: True

Bloco Biconexo 582: (909, 910)
Possui caminhos disjuntos: True

Bloco Biconexo 583: (910, 911)
Possui caminhos disjuntos: True

Bloco Biconexo 584: (14, 15)
Possui caminhos disjuntos: True

Bloco Biconexo 585: (16, 15)
Possui caminhos disjuntos: True

Bloco Biconexo 586: (16, 17)
Possui caminhos disjuntos: True

Bloco Biconexo 587: (17, 18)
Possui caminhos disjuntos: True

Bloco Biconexo 588: (18, 19)
Possui caminhos disjuntos: True

Bloco Biconexo 589: (19, 911)
Possui caminhos disjuntos: True

Bloco Biconexo 590: (912, 911)
Possui caminhos disjuntos: True

Bloco Biconexo 591: (912, 913)
Possui caminhos disjuntos: True

Bloco Biconexo 592: (913, 914)
Possui caminhos disjuntos: True

Bloco Biconexo 593: (914, 915)
Possui caminhos disjuntos: True

Bloco Biconexo 594: (82, 915)
Possui caminhos disjuntos: True

Bloco Biconexo 595: (82, 83)
Possui caminhos disjuntos: True

Bloco Biconexo 596: (332, 333)
Possui caminhos disjuntos: True

Bloco Biconexo 597: (333, 334)
Possui caminhos disjuntos: True

Bloco Biconexo 598: (334, 335)
Possui caminhos disjuntos: True

Bloco Biconexo 599: (83, 335)
Possui caminhos disjuntos: True

Bloco Biconexo 600: (83, 150)
Possui caminhos disjuntos: True

Bloco Biconexo 601: (150, 151)
Possui caminhos disjuntos: True

Bloco Biconexo 602: (152, 151)
Possui caminhos disjuntos: True

Bloco Biconexo 603: (152, 410)
Possui caminhos disjuntos: True

Bloco Biconexo 604: (410, 411)
Possui caminhos disjuntos: True

Bloco Biconexo 605: (411, 412)
Possui caminhos disjuntos: True

Bloco Biconexo 606: (857, 858)
Possui caminhos disjuntos: True

Bloco Biconexo 607: (858, 859)
Possui caminhos disjuntos: True

Bloco Biconexo 608: (859, 692)
Possui caminhos disjuntos: True

Bloco Biconexo 609: (859, 860)
Possui caminhos disjuntos: True

Bloco Biconexo 610: (860, 861)
Possui caminhos disjuntos: True

Bloco Biconexo 611: (861, 862)
Possui caminhos disjuntos: True

Bloco Biconexo 612: (862, 863)
Possui caminhos disjuntos: True

Bloco Biconexo 613: (864, 863)
Possui caminhos disjuntos: True

Bloco Biconexo 614: (864, 412)
Possui caminhos disjuntos: True

Bloco Biconexo 615: (412, 413)
Possui caminhos disjuntos: True

Bloco Biconexo 616: (413, 414)
Possui caminhos disjuntos: True

Bloco Biconexo 617: (414, 415)
Possui caminhos disjuntos: True

Bloco Biconexo 618: (416, 415)
Possui caminhos disjuntos: True

Bloco Biconexo 619: (416, 417)
Possui caminhos disjuntos: True

Bloco Biconexo 620: (417, 418)
Possui caminhos disjuntos: True

Bloco Biconexo 621: (418, 419)
Possui caminhos disjuntos: True

Bloco Biconexo 622: (419, 420)
Possui caminhos disjuntos: True

Bloco Biconexo 623: (66, 67)
Possui caminhos disjuntos: True

Bloco Biconexo 624: (67, 68)
Possui caminhos disjuntos: True

Bloco Biconexo 625: (68, 69)
Possui caminhos disjuntos: True

Bloco Biconexo 626: (153, 154)
Possui caminhos disjuntos: True

Bloco Biconexo 627: (154, 155)
Possui caminhos disjuntos: True

Bloco Biconexo 628: (155, 156)
Possui caminhos disjuntos: True

Bloco Biconexo 629: (156, 157)
Possui caminhos disjuntos: True

Bloco Biconexo 630: (157, 158)
Possui caminhos disjuntos: True

Bloco Biconexo 631: (91, 92)
Possui caminhos disjuntos: True

Bloco Biconexo 632: (92, 93)
Possui caminhos disjuntos: True

Bloco Biconexo 633: (93, 94)
Possui caminhos disjuntos: True

Bloco Biconexo 634: (94, 95)
Possui caminhos disjuntos: True

Bloco Biconexo 635: (96, 95)
Possui caminhos disjuntos: True

Bloco Biconexo 636: (96, 97)
Possui caminhos disjuntos: True

Bloco Biconexo 637: (97, 98)
Possui caminhos disjuntos: True

Bloco Biconexo 638: (98, 99)
Possui caminhos disjuntos: True

Bloco Biconexo 639: (99, 100)
Possui caminhos disjuntos: True

Bloco Biconexo 640: (100, 101)
Possui caminhos disjuntos: True

Bloco Biconexo 641: (101, 102)
Possui caminhos disjuntos: True

Bloco Biconexo 642: (102, 103)
Possui caminhos disjuntos: True

Bloco Biconexo 643: (158, 103)
Possui caminhos disjuntos: True

Bloco Biconexo 644: (158, 159)
Possui caminhos disjuntos: True

Bloco Biconexo 645: (160, 159)
Possui caminhos disjuntos: True

Bloco Biconexo 646: (160, 161)
Possui caminhos disjuntos: True

Bloco Biconexo 647: (161, 162)
Possui caminhos disjuntos: True

Bloco Biconexo 648: (162, 163)
Possui caminhos disjuntos: True

Bloco Biconexo 649: (163, 164)
Possui caminhos disjuntos: True

Bloco Biconexo 650: (164, 165)
Possui caminhos disjuntos: True

Bloco Biconexo 651: (677, 678)
Possui caminhos disjuntos: True

Bloco Biconexo 652: (165, 678)
Possui caminhos disjuntos: True

Bloco Biconexo 653: (165, 166)
Possui caminhos disjuntos: True

Bloco Biconexo 654: (166, 167)
Possui caminhos disjuntos: True

Bloco Biconexo 655: (168, 167)
Possui caminhos disjuntos: True

Bloco Biconexo 656: (168, 169)
Possui caminhos disjuntos: True

Bloco Biconexo 657: (169, 170)
Possui caminhos disjuntos: True

Bloco Biconexo 658: (170, 171)
Possui caminhos disjuntos: True

Bloco Biconexo 659: (171, 172)
Possui caminhos disjuntos: True

Bloco Biconexo 660: (172, 69)
Possui caminhos disjuntos: True

Bloco Biconexo 661: (69, 70)
Possui caminhos disjuntos: True

Bloco Biconexo 662: (70, 71)
Possui caminhos disjuntos: True

Bloco Biconexo 663: (72, 71)
Possui caminhos disjuntos: True

Bloco Biconexo 664: (72, 73)
Possui caminhos disjuntos: True

Bloco Biconexo 665: (73, 420)
Possui caminhos disjuntos: True

Bloco Biconexo 666: (420, 421)
Possui caminhos disjuntos: True

Bloco Biconexo 667: (421, 422)
Possui caminhos disjuntos: True

Bloco Biconexo 668: (422, 423)
Possui caminhos disjuntos: True

Bloco Biconexo 669: (424, 423)
Possui caminhos disjuntos: True

Bloco Biconexo 670: (424, 425)
Possui caminhos disjuntos: True

Bloco Biconexo 671: (425, 426)
Possui caminhos disjuntos: True

Bloco Biconexo 672: (426, 427)
Possui caminhos disjuntos: True

Bloco Biconexo 673: (427, 428)
Possui caminhos disjuntos: True

Bloco Biconexo 674: (428, 429)
Possui caminhos disjuntos: True

Bloco Biconexo 675: (429, 430)
Possui caminhos disjuntos: True

Bloco Biconexo 676: (194, 195)
Possui caminhos disjuntos: True

Bloco Biconexo 677: (195, 196)
Possui caminhos disjuntos: True

Bloco Biconexo 678: (196, 197)
Possui caminhos disjuntos: True

Bloco Biconexo 679: (610, 611)
Possui caminhos disjuntos: True

Bloco Biconexo 680: (611, 197)
Possui caminhos disjuntos: True

Bloco Biconexo 681: (197, 198)
Possui caminhos disjuntos: True

Bloco Biconexo 682: (198, 199)
Possui caminhos disjuntos: True

Bloco Biconexo 683: (200, 199)
Possui caminhos disjuntos: True

Bloco Biconexo 684: (200, 201)
Possui caminhos disjuntos: True

Bloco Biconexo 685: (201, 202)
Possui caminhos disjuntos: True

Bloco Biconexo 686: (202, 203)
Possui caminhos disjuntos: True

Bloco Biconexo 687: (203, 430)
Possui caminhos disjuntos: True

Bloco Biconexo 688: (430, 431)
Possui caminhos disjuntos: True

Bloco Biconexo 689: (432, 431)
Possui caminhos disjuntos: True

Bloco Biconexo 690: (432, 433)
Possui caminhos disjuntos: True

Bloco Biconexo 691: (433, 434)
Possui caminhos disjuntos: True

Bloco Biconexo 692: (434, 435)
Possui caminhos disjuntos: True

Bloco Biconexo 693: (435, 436)
Possui caminhos disjuntos: True

Bloco Biconexo 694: (280, 436)
Possui caminhos disjuntos: True

Bloco Biconexo 695: (280, 281)
Possui caminhos disjuntos: True

Bloco Biconexo 696: (281, 282)
Possui caminhos disjuntos: True

Bloco Biconexo 697: (354, 282)
Possui caminhos disjuntos: True

Bloco Biconexo 698: (354, 355)
Possui caminhos disjuntos: True

Bloco Biconexo 699: (355, 356)
Possui caminhos disjuntos: True

Bloco Biconexo 700: (74, 75)
Possui caminhos disjuntos: True

Bloco Biconexo 701: (75, 76)
Possui caminhos disjuntos: True

Bloco Biconexo 702: (76, 77)
Possui caminhos disjuntos: True

Bloco Biconexo 703: (77, 78)
Possui caminhos disjuntos: True

Bloco Biconexo 704: (78, 79)
Possui caminhos disjuntos: True

Bloco Biconexo 705: (80, 79)
Possui caminhos disjuntos: True

Bloco Biconexo 706: (80, 81)
Possui caminhos disjuntos: True

Bloco Biconexo 707: (81, 356)
Possui caminhos disjuntos: True

Bloco Biconexo 708: (356, 357)
Possui caminhos disjuntos: True

Bloco Biconexo 709: (104, 105)
Possui caminhos disjuntos: True

Bloco Biconexo 710: (105, 106)
Possui caminhos disjuntos: True

Bloco Biconexo 711: (106, 107)
Possui caminhos disjuntos: True

Bloco Biconexo 712: (107, 357)
Possui caminhos disjuntos: True

Bloco Biconexo 713: (254, 255)
Possui caminhos disjuntos: True

Bloco Biconexo 714: (256, 255)
Possui caminhos disjuntos: True

Bloco Biconexo 715: (256, 257)
Possui caminhos disjuntos: True

Bloco Biconexo 716: (257, 258)
Possui caminhos disjuntos: True

Bloco Biconexo 717: (258, 259)
Possui caminhos disjuntos: True

Bloco Biconexo 718: (259, 260)
Possui caminhos disjuntos: True

Bloco Biconexo 719: (260, 261)
Possui caminhos disjuntos: True

Bloco Biconexo 720: (261, 262)
Possui caminhos disjuntos: True

Bloco Biconexo 721: (262, 263)
Possui caminhos disjuntos: True

Bloco Biconexo 722: (264, 263)
Possui caminhos disjuntos: True

Bloco Biconexo 723: (264, 265)
Possui caminhos disjuntos: True

Bloco Biconexo 724: (265, 266)
Possui caminhos disjuntos: True

Bloco Biconexo 725: (266, 357)
Possui caminhos disjuntos: True

Bloco Biconexo 726: (138, 357)
Possui caminhos disjuntos: True

Bloco Biconexo 727: (138, 139)
Possui caminhos disjuntos: True

Bloco Biconexo 728: (139, 140)
Possui caminhos disjuntos: True

Bloco Biconexo 729: (140, 141)
Possui caminhos disjuntos: True

Bloco Biconexo 730: (141, 142)
Possui caminhos disjuntos: True

Bloco Biconexo 731: (142, 143)
Possui caminhos disjuntos: True

Bloco Biconexo 732: (144, 143)
Possui caminhos disjuntos: True

Bloco Biconexo 733: (144, 145)
Possui caminhos disjuntos: True

Bloco Biconexo 734: (145, 530)
Possui caminhos disjuntos: True

Bloco Biconexo 735: (145, 146)
Possui caminhos disjuntos: True

Bloco Biconexo 736: (146, 147)
Possui caminhos disjuntos: True

Bloco Biconexo 737: (147, 148)
Possui caminhos disjuntos: True

Bloco Biconexo 738: (148, 149)
Possui caminhos disjuntos: True

Bloco Biconexo 739: (641, 149)
Possui caminhos disjuntos: True

Bloco Biconexo 740: (641, 642)
Possui caminhos disjuntos: True

Bloco Biconexo 741: (178, 642)
Possui caminhos disjuntos: True

Bloco Biconexo 742: (178, 179)
Possui caminhos disjuntos: True

Bloco Biconexo 743: (179, 180)
Possui caminhos disjuntos: True

Bloco Biconexo 744: (180, 181)
Possui caminhos disjuntos: True

Bloco Biconexo 745: (181, 182)
Possui caminhos disjuntos: True

Bloco Biconexo 746: (182, 183)
Possui caminhos disjuntos: True

Bloco Biconexo 747: (184, 183)
Possui caminhos disjuntos: True

Bloco Biconexo 748: (184, 185)
Possui caminhos disjuntos: True

Bloco Biconexo 749: (185, 186)
Possui caminhos disjuntos: True

Bloco Biconexo 750: (186, 187)
Possui caminhos disjuntos: True

Bloco Biconexo 751: (187, 188)
Possui caminhos disjuntos: True

Bloco Biconexo 752: (188, 189)
Possui caminhos disjuntos: True

Bloco Biconexo 753: (884, 885)
Possui caminhos disjuntos: True

Bloco Biconexo 754: (885, 886)
Possui caminhos disjuntos: True

Bloco Biconexo 755: (886, 887)
Possui caminhos disjuntos: True

Bloco Biconexo 756: (888, 887)
Possui caminhos disjuntos: True

Bloco Biconexo 757: (888, 889)
Possui caminhos disjuntos: True

Bloco Biconexo 758: (889, 189)
Possui caminhos disjuntos: True

Bloco Biconexo 759: (981, 982)
Possui caminhos disjuntos: True

Bloco Biconexo 760: (982, 983)
Possui caminhos disjuntos: True

Bloco Biconexo 761: (984, 983)
Possui caminhos disjuntos: True

Bloco Biconexo 762: (984, 985)
Possui caminhos disjuntos: True

Bloco Biconexo 763: (985, 986)
Possui caminhos disjuntos: True

Bloco Biconexo 764: (977, 978)
Possui caminhos disjuntos: True

Bloco Biconexo 765: (978, 979)
Possui caminhos disjuntos: True

Bloco Biconexo 766: (979, 980)
Possui caminhos disjuntos: True

Bloco Biconexo 767: (986, 980)
Possui caminhos disjuntos: True

Bloco Biconexo 768: (986, 987)
Possui caminhos disjuntos: True

Bloco Biconexo 769: (987, 988)
Possui caminhos disjuntos: True

Bloco Biconexo 770: (988, 989)
Possui caminhos disjuntos: True

Bloco Biconexo 771: (989, 990)
Possui caminhos disjuntos: True

Bloco Biconexo 772: (990, 991)
Possui caminhos disjuntos: True

Bloco Biconexo 773: (992, 991)
Possui caminhos disjuntos: True

Bloco Biconexo 774: (992, 993)
Possui caminhos disjuntos: True

Bloco Biconexo 775: (993, 189)
Possui caminhos disjuntos: True

Bloco Biconexo 776: (189, 190)
Possui caminhos disjuntos: True

Bloco Biconexo 777: (190, 191)
Possui caminhos disjuntos: True

Bloco Biconexo 778: (192, 191)
Possui caminhos disjuntos: True

Bloco Biconexo 779: (192, 193)
Possui caminhos disjuntos: True

Bloco Biconexo 780: (193, 782)
Possui caminhos disjuntos: True

Bloco Biconexo 781: (782, 783)
Possui caminhos disjuntos: True

Bloco Biconexo 782: (784, 783)
Possui caminhos disjuntos: True

Bloco Biconexo 783: (784, 785)
Possui caminhos disjuntos: True

Bloco Biconexo 784: (785, 786)
Possui caminhos disjuntos: True

Bloco Biconexo 785: (786, 787)
Possui caminhos disjuntos: True

Bloco Biconexo 786: (787, 788)
Possui caminhos disjuntos: True

Bloco Biconexo 787: (554, 788)
Possui caminhos disjuntos: True

Bloco Biconexo 788: (554, 555)
Possui caminhos disjuntos: True

Bloco Biconexo 789: (555, 556)
Possui caminhos disjuntos: True

Bloco Biconexo 790: (556, 557)
Possui caminhos disjuntos: True

Bloco Biconexo 791: (557, 558)
Possui caminhos disjuntos: True

Bloco Biconexo 792: (558, 559)
Possui caminhos disjuntos: True

Bloco Biconexo 793: (560, 559)
Possui caminhos disjuntos: True

Bloco Biconexo 794: (560, 561)
Possui caminhos disjuntos: True

Bloco Biconexo 795: (561, 562)
Possui caminhos disjuntos: True

Bloco Biconexo 796: (562, 563)
Possui caminhos disjuntos: True

Bloco Biconexo 797: (563, 564)
Possui caminhos disjuntos: True

Bloco Biconexo 798: (564, 565)
Possui caminhos disjuntos: True

Bloco Biconexo 799: (565, 566)
Possui caminhos disjuntos: True

Bloco Biconexo 800: (566, 567)
Possui caminhos disjuntos: True

Bloco Biconexo 801: (568, 567)
Possui caminhos disjuntos: True

Bloco Biconexo 802: (568, 569)
Possui caminhos disjuntos: True

Bloco Biconexo 803: (569, 994)
Possui caminhos disjuntos: True

Bloco Biconexo 804: (994, 995)
Possui caminhos disjuntos: True

Bloco Biconexo 805: (995, 7)
Possui caminhos disjuntos: True

Bloco Biconexo 806: (6, 7)
Possui caminhos disjuntos: True

Bloco Biconexo 807: (5, 6)
Possui caminhos disjuntos: True

Bloco Biconexo 808: (4, 5)
Possui caminhos disjuntos: True

Bloco Biconexo 809: (3, 4)
Possui caminhos disjuntos: True

Bloco Biconexo 810: (619, 620)
Possui caminhos disjuntos: True

Bloco Biconexo 811: (620, 621)
Possui caminhos disjuntos: True

Bloco Biconexo 812: (232, 233)
Possui caminhos disjuntos: True

Bloco Biconexo 813: (233, 234)
Possui caminhos disjuntos: True

Bloco Biconexo 814: (234, 394)
Possui caminhos disjuntos: True

Bloco Biconexo 815: (234, 235)
Possui caminhos disjuntos: True

Bloco Biconexo 816: (235, 236)
Possui caminhos disjuntos: True

Bloco Biconexo 817: (236, 237)
Possui caminhos disjuntos: True

Bloco Biconexo 818: (925, 926)
Possui caminhos disjuntos: True

Bloco Biconexo 819: (926, 927)
Possui caminhos disjuntos: True

Bloco Biconexo 820: (928, 927)
Possui caminhos disjuntos: True

Bloco Biconexo 821: (928, 929)
Possui caminhos disjuntos: True

Bloco Biconexo 822: (929, 930)
Possui caminhos disjuntos: True

Bloco Biconexo 823: (930, 931)
Possui caminhos disjuntos: True

Bloco Biconexo 824: (931, 932)
Possui caminhos disjuntos: True

Bloco Biconexo 825: (932, 933)
Possui caminhos disjuntos: True

Bloco Biconexo 826: (933, 934)
Possui caminhos disjuntos: True

Bloco Biconexo 827: (339, 340)
Possui caminhos disjuntos: True

Bloco Biconexo 828: (340, 341)
Possui caminhos disjuntos: True

Bloco Biconexo 829: (341, 342)
Possui caminhos disjuntos: True

Bloco Biconexo 830: (84, 85)
Possui caminhos disjuntos: True

Bloco Biconexo 831: (85, 86)
Possui caminhos disjuntos: True

Bloco Biconexo 832: (86, 87)
Possui caminhos disjuntos: True

Bloco Biconexo 833: (88, 87)
Possui caminhos disjuntos: True

Bloco Biconexo 834: (88, 89)
Possui caminhos disjuntos: True

Bloco Biconexo 835: (89, 90)
Possui caminhos disjuntos: True

Bloco Biconexo 836: (90, 342)
Possui caminhos disjuntos: True

Bloco Biconexo 837: (342, 343)
Possui caminhos disjuntos: True

Bloco Biconexo 838: (344, 343)
Possui caminhos disjuntos: True

Bloco Biconexo 839: (344, 345)
Possui caminhos disjuntos: True

Bloco Biconexo 840: (345, 346)
Possui caminhos disjuntos: True

Bloco Biconexo 841: (225, 226)
Possui caminhos disjuntos: True

Bloco Biconexo 842: (358, 359)
Possui caminhos disjuntos: True

Bloco Biconexo 843: (360, 359)
Possui caminhos disjuntos: True

Bloco Biconexo 844: (360, 361)
Possui caminhos disjuntos: True

Bloco Biconexo 845: (361, 362)
Possui caminhos disjuntos: True

Bloco Biconexo 846: (362, 363)
Possui caminhos disjuntos: True

Bloco Biconexo 847: (363, 364)
Possui caminhos disjuntos: True

Bloco Biconexo 848: (364, 365)
Possui caminhos disjuntos: True

Bloco Biconexo 849: (226, 365)
Possui caminhos disjuntos: True

Bloco Biconexo 850: (346, 226)
Possui caminhos disjuntos: True

Bloco Biconexo 851: (518, 519)
Possui caminhos disjuntos: True

Bloco Biconexo 852: (520, 519)
Possui caminhos disjuntos: True

Bloco Biconexo 853: (520, 521)
Possui caminhos disjuntos: True

Bloco Biconexo 854: (680, 679)
Possui caminhos disjuntos: True

Bloco Biconexo 855: (680, 681)
Possui caminhos disjuntos: True

Bloco Biconexo 856: (681, 682)
Possui caminhos disjuntos: True

Bloco Biconexo 857: (682, 683)
Possui caminhos disjuntos: True

Bloco Biconexo 858: (683, 684)
Possui caminhos disjuntos: True

Bloco Biconexo 859: (684, 685)
Possui caminhos disjuntos: True

Bloco Biconexo 860: (685, 686)
Possui caminhos disjuntos: True

Bloco Biconexo 861: (686, 687)
Possui caminhos disjuntos: True

Bloco Biconexo 862: (688, 687)
Possui caminhos disjuntos: True

Bloco Biconexo 863: (688, 689)
Possui caminhos disjuntos: True

Bloco Biconexo 864: (689, 690)
Possui caminhos disjuntos: True

Bloco Biconexo 865: (690, 691)
Possui caminhos disjuntos: True

Bloco Biconexo 866: (521, 691)
Possui caminhos disjuntos: True

Bloco Biconexo 867: (521, 522)
Possui caminhos disjuntos: True

Bloco Biconexo 868: (522, 523)
Possui caminhos disjuntos: True

Bloco Biconexo 869: (523, 524)
Possui caminhos disjuntos: True

Bloco Biconexo 870: (524, 525)
Possui caminhos disjuntos: True

Bloco Biconexo 871: (525, 526)
Possui caminhos disjuntos: True

Bloco Biconexo 872: (526, 527)
Possui caminhos disjuntos: True

Bloco Biconexo 873: (528, 527)
Possui caminhos disjuntos: True

Bloco Biconexo 874: (528, 529)
Possui caminhos disjuntos: True

Bloco Biconexo 875: (529, 346)
Possui caminhos disjuntos: True

Bloco Biconexo 876: (944, 943)
Possui caminhos disjuntos: True

Bloco Biconexo 877: (944, 945)
Possui caminhos disjuntos: True

Bloco Biconexo 878: (945, 946)
Possui caminhos disjuntos: True

Bloco Biconexo 879: (946, 947)
Possui caminhos disjuntos: True

Bloco Biconexo 880: (947, 948)
Possui caminhos disjuntos: True

Bloco Biconexo 881: (705, 706)
Possui caminhos disjuntos: True

Bloco Biconexo 882: (706, 707)
Possui caminhos disjuntos: True

Bloco Biconexo 883: (707, 708)
Possui caminhos disjuntos: True

Bloco Biconexo 884: (708, 709)
Possui caminhos disjuntos: True

Bloco Biconexo 885: (709, 710)
Possui caminhos disjuntos: True

Bloco Biconexo 886: (710, 711)
Possui caminhos disjuntos: True

Bloco Biconexo 887: (712, 711)
Possui caminhos disjuntos: True

Bloco Biconexo 888: (712, 713)
Possui caminhos disjuntos: True

Bloco Biconexo 889: (713, 714)
Possui caminhos disjuntos: True

Bloco Biconexo 890: (714, 715)
Possui caminhos disjuntos: True

Bloco Biconexo 891: (715, 716)
Possui caminhos disjuntos: True

Bloco Biconexo 892: (716, 717)
Possui caminhos disjuntos: True

Bloco Biconexo 893: (717, 718)
Possui caminhos disjuntos: True

Bloco Biconexo 894: (948, 718)
Possui caminhos disjuntos: True

Bloco Biconexo 895: (948, 949)
Possui caminhos disjuntos: True

Bloco Biconexo 896: (949, 950)
Possui caminhos disjuntos: True

Bloco Biconexo 897: (950, 951)
Possui caminhos disjuntos: True

Bloco Biconexo 898: (952, 951)
Possui caminhos disjuntos: True

Bloco Biconexo 899: (952, 953)
Possui caminhos disjuntos: True

Bloco Biconexo 900: (953, 954)
Possui caminhos disjuntos: True

Bloco Biconexo 901: (954, 955)
Possui caminhos disjuntos: True

Bloco Biconexo 902: (955, 956)
Possui caminhos disjuntos: True

Bloco Biconexo 903: (346, 956)
Possui caminhos disjuntos: True

Bloco Biconexo 904: (346, 347)
Possui caminhos disjuntos: True

Bloco Biconexo 905: (347, 348)
Possui caminhos disjuntos: True

Bloco Biconexo 906: (348, 349)
Possui caminhos disjuntos: True

Bloco Biconexo 907: (349, 934)
Possui caminhos disjuntos: True

Bloco Biconexo 908: (934, 935)
Possui caminhos disjuntos: True

Bloco Biconexo 909: (936, 935)
Possui caminhos disjuntos: True

Bloco Biconexo 910: (936, 937)
Possui caminhos disjuntos: True

Bloco Biconexo 911: (937, 938)
Possui caminhos disjuntos: True

Bloco Biconexo 912: (938, 939)
Possui caminhos disjuntos: True

Bloco Biconexo 913: (939, 940)
Possui caminhos disjuntos: True

Bloco Biconexo 914: (940, 941)
Possui caminhos disjuntos: True

Bloco Biconexo 915: (941, 942)
Possui caminhos disjuntos: True

Bloco Biconexo 916: (237, 942)
Possui caminhos disjuntos: True

Bloco Biconexo 917: (237, 238)
Possui caminhos disjuntos: True

Bloco Biconexo 918: (238, 239)
Possui caminhos disjuntos: True

Bloco Biconexo 919: (621, 239)
Possui caminhos disjuntos: True

Bloco Biconexo 920: (3, 621)
Possui caminhos disjuntos: True

Bloco Biconexo 921: (2, 3)
Possui caminhos disjuntos: True

Bloco Biconexo 922: (1, 2)
Possui caminhos disjuntos: True

Bloco Biconexo 923: (0, 1)
Possui caminhos disjuntos: True

Bloco Biconexo 924: (996, 997)
Possui caminhos disjuntos: True

Bloco Biconexo 925: (997, 998)
Possui caminhos disjuntos: True

Bloco Biconexo 926: (998, 999)
Possui caminhos disjuntos: True

Bloco Biconexo 927: (0, 999)
Possui caminhos disjuntos: True

Bloco Biconexo 928: (390, 391)
Possui caminhos disjuntos: True

Bloco Biconexo 929: (242, 243)
Possui caminhos disjuntos: True

Bloco Biconexo 930: (243, 244)
Possui caminhos disjuntos: True

Bloco Biconexo 931: (244, 245)
Possui caminhos disjuntos: True

Bloco Biconexo 932: (245, 246)
Possui caminhos disjuntos: True

Bloco Biconexo 933: (246, 247)
Possui caminhos disjuntos: True

Bloco Biconexo 934: (248, 247)
Possui caminhos disjuntos: True

Bloco Biconexo 935: (248, 249)
Possui caminhos disjuntos: True

Bloco Biconexo 936: (249, 250)
Possui caminhos disjuntos: True

Bloco Biconexo 937: (250, 251)
Possui caminhos disjuntos: True

Bloco Biconexo 938: (251, 252)
Possui caminhos disjuntos: True

Bloco Biconexo 939: (252, 253)
Possui caminhos disjuntos: True

Bloco Biconexo 940: (253, 391)
Possui caminhos disjuntos: True

Bloco Biconexo 941: (392, 391)
Possui caminhos disjuntos: True

Bloco Biconexo 942: (392, 393)
Possui caminhos disjuntos: True

Bloco Biconexo 943: (283, 284)
Possui caminhos disjuntos: True

Bloco Biconexo 944: (284, 285)
Possui caminhos disjuntos: True

Bloco Biconexo 945: (285, 286)
Possui caminhos disjuntos: True

Bloco Biconexo 946: (286, 287)
Possui caminhos disjuntos: True

Bloco Biconexo 947: (288, 287)
Possui caminhos disjuntos: True

Bloco Biconexo 948: (288, 289)
Possui caminhos disjuntos: True

Bloco Biconexo 949: (289, 290)
Possui caminhos disjuntos: True

Bloco Biconexo 950: (290, 291)
Possui caminhos disjuntos: True

Bloco Biconexo 951: (291, 292)
Possui caminhos disjuntos: True

Bloco Biconexo 952: (292, 293)
Possui caminhos disjuntos: True

Bloco Biconexo 953: (293, 294)
Possui caminhos disjuntos: True

Bloco Biconexo 954: (294, 295)
Possui caminhos disjuntos: True

Bloco Biconexo 955: (296, 295)
Possui caminhos disjuntos: True

Bloco Biconexo 956: (296, 393)
Possui caminhos disjuntos: True

Bloco Biconexo 957: (393, 21)
Possui caminhos disjuntos: True

Bloco Biconexo 958: (21, 22)
Possui caminhos disjuntos: True

Bloco Biconexo 959: (22, 23)
Possui caminhos disjuntos: True

Bloco Biconexo 960: (24, 23)
Possui caminhos disjuntos: True

Bloco Biconexo 961: (24, 25)
Possui caminhos disjuntos: True

Bloco Biconexo 962: (25, 26)
Possui caminhos disjuntos: True

Bloco Biconexo 963: (0, 26)
Possui caminhos disjuntos: True

